#
# There is insufficient memory for the Java Runtime Environment to continue.
# Native memory allocation (malloc) failed to allocate 708176 bytes for Chunk::new
# Possible reasons:
#   The system is out of physical RAM or swap space
#   In 32 bit mode, the process size limit was hit
# Possible solutions:
#   Reduce memory load on the system
#   Increase physical memory or swap space
#   Check if swap backing store is full
#   Use 64 bit Java on a 64 bit OS
#   Decrease Java heap size (-Xmx/-Xms)
#   Decrease number of Java threads
#   Decrease Java thread stack sizes (-Xss)
#   Set larger code cache with -XX:ReservedCodeCacheSize=
# This output file may be truncated or incomplete.
#
#  Out of Memory Error (allocation.cpp:390), pid=13600, tid=12872
#
# JRE version: Java(TM) SE Runtime Environment (8.0_91-b14) (build 1.8.0_91-b14)
# Java VM: Java HotSpot(TM) 64-Bit Server VM (25.91-b14 mixed mode windows-amd64 compressed oops)
# Failed to write core dump. Minidumps are not enabled by default on client versions of Windows
#

---------------  T H R E A D  ---------------

Current thread (0x0000000016743000):  JavaThread "C2 CompilerThread0" daemon [_thread_in_native, id=12872, stack(0x0000000017d00000,0x0000000017e00000)]

Stack: [0x0000000017d00000,0x0000000017e00000]
[error occurred during error reporting (printing stack bounds), id 0xc0000005]

Native frames: (J=compiled Java code, j=interpreted, Vv=VM code, C=native code)


Current CompileTask:
C2:   3737 1656       4       com.android.dx.ssa.SCCP::simulateBlock (54 bytes)


---------------  P R O C E S S  ---------------

Java Threads: ( => current thread )
  0x0000000016a44800 JavaThread "pool-1-thread-4" [_thread_blocked, id=1064, stack(0x00000000193c0000,0x00000000194c0000)]
  0x0000000016a40800 JavaThread "pool-1-thread-3" [_thread_blocked, id=9980, stack(0x00000000191a0000,0x00000000192a0000)]
  0x0000000016a40000 JavaThread "pool-1-thread-2" [_thread_blocked, id=13944, stack(0x0000000018490000,0x0000000018590000)]
  0x0000000016a3f000 JavaThread "pool-2-thread-1" [_thread_blocked, id=13488, stack(0x0000000019000000,0x0000000019100000)]
  0x0000000016a6b800 JavaThread "pool-1-thread-1" [_thread_blocked, id=11808, stack(0x0000000017f70000,0x0000000018070000)]
  0x00000000167bc000 JavaThread "Service Thread" daemon [_thread_blocked, id=13568, stack(0x0000000018390000,0x0000000018490000)]
  0x00000000167ab800 JavaThread "C1 CompilerThread3" daemon [_thread_blocked, id=4608, stack(0x0000000017af0000,0x0000000017bf0000)]
  0x000000001674e000 JavaThread "C2 CompilerThread2" daemon [_thread_blocked, id=14300, stack(0x0000000018270000,0x0000000018370000)]
  0x000000001556e800 JavaThread "C2 CompilerThread1" daemon [_thread_in_native, id=13516, stack(0x0000000018070000,0x0000000018170000)]
=>0x0000000016743000 JavaThread "C2 CompilerThread0" daemon [_thread_in_native, id=12872, stack(0x0000000017d00000,0x0000000017e00000)]
  0x0000000016739800 JavaThread "Attach Listener" daemon [_thread_blocked, id=8108, stack(0x0000000017e60000,0x0000000017f60000)]
  0x0000000016724000 JavaThread "Signal Dispatcher" daemon [_thread_blocked, id=7904, stack(0x0000000017c00000,0x0000000017d00000)]
  0x0000000015560000 JavaThread "Finalizer" daemon [_thread_blocked, id=10380, stack(0x0000000017680000,0x0000000017780000)]
  0x0000000015559000 JavaThread "Reference Handler" daemon [_thread_blocked, id=13436, stack(0x00000000179a0000,0x0000000017aa0000)]
  0x00000000023ae800 JavaThread "main" [_thread_blocked, id=13376, stack(0x00000000025a0000,0x00000000026a0000)]

Other Threads:
  0x0000000015550800 VMThread [stack: 0x00000000177f0000,0x00000000178f0000] [id=13708]
  0x0000000016831000 WatcherThread [stack: 0x00000000185b0000,0x00000000186b0000] [id=13648]

VM state:not at safepoint (normal execution)

VM Mutex/Monitor currently owned by a thread: None

Heap:
 PSYoungGen      total 38400K, used 14252K [0x00000000eab00000, 0x00000000ed580000, 0x0000000100000000)
  eden space 33280K, 27% used [0x00000000eab00000,0x00000000eb3ee8b8,0x00000000ecb80000)
  from space 5120K, 99% used [0x00000000ed080000,0x00000000ed57cab8,0x00000000ed580000)
  to   space 5120K, 0% used [0x00000000ecb80000,0x00000000ecb80000,0x00000000ed080000)
 ParOldGen       total 87552K, used 5073K [0x00000000c0000000, 0x00000000c5580000, 0x00000000eab00000)
  object space 87552K, 5% used [0x00000000c0000000,0x00000000c04f47e0,0x00000000c5580000)
 Metaspace       used 6284K, capacity 7092K, committed 7296K, reserved 1056768K
  class space    used 605K, capacity 620K, committed 640K, reserved 1048576K

Card table byte_map: [0x0000000011a60000,0x0000000011c70000] byte_map_base: 0x0000000011460000

Marking Bits: (ParMarkBitMap*) 0x0000000070872f70
 Begin Bits: [0x0000000012970000, 0x0000000013970000)
 End Bits:   [0x0000000013970000, 0x0000000014970000)

Polling page: 0x00000000004e0000

CodeCache: size=245760Kb used=6823Kb max_used=6834Kb free=238936Kb
 bounds [0x00000000026a0000, 0x0000000002d60000, 0x00000000116a0000]
 total_blobs=1928 nmethods=1655 adapters=184
 compilation: enabled

Compilation events (10 events):
Event: 3.606 Thread 0x000000001674e000 1658       4       java.util.ArrayList::removeRange (75 bytes)
Event: 3.609 Thread 0x000000001674e000 nmethod 1658 0x0000000002d04590 code [0x0000000002d046e0, 0x0000000002d04858]
Event: 3.609 Thread 0x000000001674e000 1657       4       java.util.ArrayList$SubList::removeRange (47 bytes)
Event: 3.644 Thread 0x000000001674e000 nmethod 1657 0x0000000002d44450 code [0x0000000002d445a0, 0x0000000002d447f8]
Event: 3.644 Thread 0x000000001674e000 1655       4       com.android.dx.ssa.SsaBasicBlock::<init> (109 bytes)
Event: 3.652 Thread 0x000000001674e000 nmethod 1655 0x0000000002d07e10 code [0x0000000002d07fa0, 0x0000000002d08618]
Event: 3.705 Thread 0x000000001674e000 1661       4       com.android.dx.rop.type.Type::compareTo (9 bytes)
Event: 3.706 Thread 0x000000001674e000 nmethod 1661 0x0000000002d04150 code [0x0000000002d042a0, 0x0000000002d04458]
Event: 3.709 Thread 0x000000001674e000 1662       4       com.android.dx.util.ByteArray::<init> (81 bytes)
Event: 3.710 Thread 0x000000001674e000 nmethod 1662 0x0000000002d44110 code [0x0000000002d44260, 0x0000000002d44358]

GC Heap History (4 events):
Event: 2.235 GC heap before
{Heap before GC invocations=1 (full 0):
 PSYoungGen      total 38400K, used 33280K [0x00000000eab00000, 0x00000000ed580000, 0x0000000100000000)
  eden space 33280K, 100% used [0x00000000eab00000,0x00000000ecb80000,0x00000000ecb80000)
  from space 5120K, 0% used [0x00000000ed080000,0x00000000ed080000,0x00000000ed580000)
  to   space 5120K, 0% used [0x00000000ecb80000,0x00000000ecb80000,0x00000000ed080000)
 ParOldGen       total 87552K, used 0K [0x00000000c0000000, 0x00000000c5580000, 0x00000000eab00000)
  object space 87552K, 0% used [0x00000000c0000000,0x00000000c0000000,0x00000000c5580000)
 Metaspace       used 5935K, capacity 6836K, committed 7040K, reserved 1056768K
  class space    used 599K, capacity 620K, committed 640K, reserved 1048576K
Event: 2.618 GC heap after
Heap after GC invocations=1 (full 0):
 PSYoungGen      total 38400K, used 5096K [0x00000000eab00000, 0x00000000ed580000, 0x0000000100000000)
  eden space 33280K, 0% used [0x00000000eab00000,0x00000000eab00000,0x00000000ecb80000)
  from space 5120K, 99% used [0x00000000ecb80000,0x00000000ed07a3b0,0x00000000ed080000)
  to   space 5120K, 0% used [0x00000000ed080000,0x00000000ed080000,0x00000000ed580000)
 ParOldGen       total 87552K, used 1003K [0x00000000c0000000, 0x00000000c5580000, 0x00000000eab00000)
  object space 87552K, 1% used [0x00000000c0000000,0x00000000c00faf98,0x00000000c5580000)
 Metaspace       used 5935K, capacity 6836K, committed 7040K, reserved 1056768K
  class space    used 599K, capacity 620K, committed 640K, reserved 1048576K
}
Event: 3.200 GC heap before
{Heap before GC invocations=2 (full 0):
 PSYoungGen      total 38400K, used 38376K [0x00000000eab00000, 0x00000000ed580000, 0x0000000100000000)
  eden space 33280K, 100% used [0x00000000eab00000,0x00000000ecb80000,0x00000000ecb80000)
  from space 5120K, 99% used [0x00000000ecb80000,0x00000000ed07a3b0,0x00000000ed080000)
  to   space 5120K, 0% used [0x00000000ed080000,0x00000000ed080000,0x00000000ed580000)
 ParOldGen       total 87552K, used 1003K [0x00000000c0000000, 0x00000000c5580000, 0x00000000eab00000)
  object space 87552K, 1% used [0x00000000c0000000,0x00000000c00faf98,0x00000000c5580000)
 Metaspace       used 6266K, capacity 7092K, committed 7296K, reserved 1056768K
  class space    used 605K, capacity 620K, committed 640K, reserved 1048576K
Event: 3.212 GC heap after
Heap after GC invocations=2 (full 0):
 PSYoungGen      total 38400K, used 5106K [0x00000000eab00000, 0x00000000ed580000, 0x0000000100000000)
  eden space 33280K, 0% used [0x00000000eab00000,0x00000000eab00000,0x00000000ecb80000)
  from space 5120K, 99% used [0x00000000ed080000,0x00000000ed57cab8,0x00000000ed580000)
  to   space 5120K, 0% used [0x00000000ecb80000,0x00000000ecb80000,0x00000000ed080000)
 ParOldGen       total 87552K, used 5073K [0x00000000c0000000, 0x00000000c5580000, 0x00000000eab00000)
  object space 87552K, 5% used [0x00000000c0000000,0x00000000c04f47e0,0x00000000c5580000)
 Metaspace       used 6266K, capacity 7092K, committed 7296K, reserved 1056768K
  class space    used 605K, capacity 620K, committed 640K, reserved 1048576K
}

Deoptimization events (9 events):
Event: 0.566 Thread 0x00000000023ae800 Uncommon trap: reason=unstable_if action=reinterpret pc=0x00000000027ee3c4 method=java.lang.String.compareTo(Ljava/lang/String;)I @ 38
Event: 0.972 Thread 0x0000000016a40800 Uncommon trap: reason=class_check action=maybe_recompile pc=0x0000000002891740 method=com.android.dx.rop.type.Type.equals(Ljava/lang/Object;)Z @ 8
Event: 1.017 Thread 0x0000000016a40800 Uncommon trap: reason=class_check action=maybe_recompile pc=0x0000000002891740 method=com.android.dx.rop.type.Type.equals(Ljava/lang/Object;)Z @ 8
Event: 1.018 Thread 0x0000000016a40800 Uncommon trap: reason=class_check action=maybe_recompile pc=0x0000000002891740 method=com.android.dx.rop.type.Type.equals(Ljava/lang/Object;)Z @ 8
Event: 1.018 Thread 0x0000000016a40800 Uncommon trap: reason=class_check action=maybe_recompile pc=0x0000000002891740 method=com.android.dx.rop.type.Type.equals(Ljava/lang/Object;)Z @ 8
Event: 1.023 Thread 0x0000000016a40800 Uncommon trap: reason=unstable_if action=reinterpret pc=0x00000000028857a0 method=java.util.BitSet.nextSetBit(I)I @ 87
Event: 1.320 Thread 0x00000000023ae800 Uncommon trap: reason=unstable_if action=reinterpret pc=0x0000000002946584 method=com.android.dx.rop.cst.Constant.compareTo(Lcom/android/dx/rop/cst/Constant;)I @ 12
Event: 2.995 Thread 0x0000000016a44800 Uncommon trap: reason=unstable_if action=reinterpret pc=0x0000000002a93d10 method=com.android.dx.ssa.SCCP.simulateStmt(Lcom/android/dx/ssa/SsaInsn;)V @ 53
Event: 3.250 Thread 0x00000000023ae800 Uncommon trap: reason=unstable_if action=reinterpret pc=0x0000000002b5999c method=com.android.dx.rop.cst.StdConstantPool.set(ILcom/android/dx/rop/cst/Constant;)V @ 12

Internal exceptions (2 events):
Event: 0.095 Thread 0x00000000023ae800 Exception <a 'java/lang/NoSuchMethodError': Method sun.misc.Unsafe.defineClass(Ljava/lang/String;[BII)Ljava/lang/Class; name or signature does not match> (0x00000000eab07cc0) thrown at [C:\re\workspace\8-2-build-windows-amd64-cygwin\jdk8u91\6644\hotspot\sr'¢y_lS¸?
Event: 0.095 Thread 0x00000000023ae800 Exception <a 'java/lang/NoSuchMethodError': Method sun.misc.Unsafe.prefetchRead(Ljava/lang/Object;J)V name or signature does not match> (0x00000000eab07fa8) thrown at [C:\re\workspace\8-2-build-windows-amd64-cygwin\jdk8u91\6644\hotspot\src\share\vm\prims\j

Events (10 events):
Event: 3.048 loading class com/android/dx/cf/code/SwitchList done
Event: 3.050 Thread 0x0000000016a6b800 DEOPT PACKING pc=0x00000000029a313d sp=0x000000001806e9d0
Event: 3.050 Thread 0x0000000016a6b800 DEOPT UNPACKING pc=0x00000000026e787f sp=0x000000001806e750 mode 0
Event: 3.200 Executing VM operation: ParallelGCFailedAllocation
Event: 3.212 Executing VM operation: ParallelGCFailedAllocation done
Event: 3.246 Thread 0x0000000016a40800 DEOPT PACKING pc=0x00000000029a313d sp=0x000000001929e840
Event: 3.246 Thread 0x0000000016a40800 DEOPT UNPACKING pc=0x00000000026e787f sp=0x000000001929e5b0 mode 0
Event: 3.250 Thread 0x00000000023ae800 Uncommon trap: trap_request=0xffffff65 fr.pc=0x0000000002b5999c
Event: 3.250 Thread 0x00000000023ae800 DEOPT PACKING pc=0x0000000002b5999c sp=0x000000000269ec30
Event: 3.250 Thread 0x00000000023ae800 DEOPT UNPACKING pc=0x00000000026e582a sp=0x000000000269eb70 mode 2


Dynamic libraries:
0x000000013f830000 - 0x000000013f867000 	D:\jdk1.8.0_91\bin\java.exe
0x0000000077780000 - 0x000000007792a000 	C:\Windows\SYSTEM32\ntdll.dll
0x0000000077560000 - 0x000000007767f000 	C:\Windows\system32\kernel32.dll
0x000007fefd790000 - 0x000007fefd7fa000 	C:\Windows\system32\KERNELBASE.dll
0x000007fefe420000 - 0x000007fefe4fb000 	C:\Windows\system32\ADVAPI32.dll
0x000007fefe170000 - 0x000007fefe20f000 	C:\Windows\system32\msvcrt.dll
0x000007fefddc0000 - 0x000007fefdddf000 	C:\Windows\SYSTEM32\sechost.dll
0x000007fefe500000 - 0x000007fefe62d000 	C:\Windows\system32\RPCRT4.dll
0x0000000077680000 - 0x000000007777a000 	C:\Windows\system32\USER32.dll
0x000007fefde70000 - 0x000007fefded7000 	C:\Windows\system32\GDI32.dll
0x000007fefec10000 - 0x000007fefec1e000 	C:\Windows\system32\LPK.dll
0x000007fefda90000 - 0x000007fefdb5a000 	C:\Windows\system32\USP10.dll
0x000007fefbe60000 - 0x000007fefc054000 	C:\Windows\WinSxS\amd64_microsoft.windows.common-controls_6595b64144ccf1df_6.0.7601.18837_none_fa3b1e3d17594757\COMCTL32.dll
0x000007fefdde0000 - 0x000007fefde51000 	C:\Windows\system32\SHLWAPI.dll
0x000007fefe630000 - 0x000007fefe65e000 	C:\Windows\system32\IMM32.DLL
0x000007fefdee0000 - 0x000007fefdfe9000 	C:\Windows\system32\MSCTF.dll
0x000007fefd640000 - 0x000007fefd671000 	C:\Windows\system32\nvinitx.dll
0x000007fefd630000 - 0x000007fefd63c000 	C:\Windows\system32\VERSION.dll
0x0000000075080000 - 0x0000000075086000 	C:\Program Files\NVIDIA Corporation\CoProcManager\detoured.dll
0x000007fefacd0000 - 0x000007fefad02000 	C:\Program Files\NVIDIA Corporation\CoProcManager\nvd3d9wrapx.dll
0x000007fefea30000 - 0x000007fefec07000 	C:\Windows\system32\SETUPAPI.dll
0x000007fefd730000 - 0x000007fefd766000 	C:\Windows\system32\CFGMGR32.dll
0x000007feff9b0000 - 0x000007feffa8a000 	C:\Windows\system32\OLEAUT32.dll
0x000007fefe210000 - 0x000007fefe413000 	C:\Windows\system32\ole32.dll
0x000007fefd770000 - 0x000007fefd78a000 	C:\Windows\system32\DEVOBJ.dll
0x000007fefabf0000 - 0x000007fefac12000 	C:\Program Files\NVIDIA Corporation\CoProcManager\nvdxgiwrapx.dll
0x0000000078b00000 - 0x0000000078bd2000 	D:\jdk1.8.0_91\jre\bin\msvcr100.dll
0x0000000070060000 - 0x00000000708f3000 	D:\jdk1.8.0_91\jre\bin\server\jvm.dll
0x000007fef78e0000 - 0x000007fef78e9000 	C:\Windows\system32\WSOCK32.dll
0x000007fefe120000 - 0x000007fefe16d000 	C:\Windows\system32\WS2_32.dll
0x000007fefde60000 - 0x000007fefde68000 	C:\Windows\system32\NSI.dll
0x000007fefb6f0000 - 0x000007fefb72b000 	C:\Windows\system32\WINMM.dll
0x0000000077940000 - 0x0000000077947000 	C:\Windows\system32\PSAPI.DLL
0x000000006e110000 - 0x000000006e11f000 	D:\jdk1.8.0_91\jre\bin\verify.dll
0x00000000517a0000 - 0x00000000517c9000 	D:\jdk1.8.0_91\jre\bin\java.dll
0x000000006e0f0000 - 0x000000006e106000 	D:\jdk1.8.0_91\jre\bin\zip.dll
0x000007fefec20000 - 0x000007feff9a9000 	C:\Windows\system32\SHELL32.dll
0x000007fefd680000 - 0x000007fefd68f000 	C:\Windows\system32\profapi.dll

VM Arguments:
jvm_args: -Djava.awt.headless=true -Xmx1024M -Dfile.encoding=GBK -Duser.country=CN -Duser.language=zh -Duser.variant 
java_command: com.android.dx.command.Main --dex --num-threads=4 --output C:\Users\Administrator\Helloworld\mapdev\build\intermediates\pre-dexed\debug\internal_impl-23.2.0_6f54d8d749dd5e52fefeb5e335dcbed789afb0e7.jar C:\Users\Administrator\Helloworld\mapdev\build\intermediates\exploded-aar\com.android.support\support-v4\23.2.0\jars\libs\internal_impl-23.2.0.jar
java_class_path (initial): D:\Android\sdk\build-tools\23.0.2\lib\dx.jar
Launcher Type: SUN_STANDARD

Environment Variables:
JAVA_HOME=D:\jdk1.8.0_91
CLASSPATH=.;D:\jdk1.8.0_91\lib;
PATH=D:\jdk1.8.0_91\bin;C:\Program Files\doxygen\bin;C:\Program Files\TortoiseSVN\bin;C:\Windows\system32;C:\Windows;C:\Windows\system32\wbem;C:\Program Files\nodejs\;C:\Program Files\Intel\WiFi\bin\;C:\Program Files\Common Files\Intel\WirelessCommon\;C:\Users\Administrator\AppData\Roaming\npm
USERNAME=Administrator
OS=Windows_NT
PROCESSOR_IDENTIFIER=Intel64 Family 6 Model 94 Stepping 3, GenuineIntel



---------------  S Y S T E M  ---------------

OS: Windows 7 , 64 bit Build 7601 (6.1.7601.23539)

CPU:total 8 (4 cores per cpu, 2 threads per core) family 6 model 94 stepping 3, cmov, cx8, fxsr, mmx, sse, sse2, sse3, ssse3, sse4.1, sse4.2, popcnt, avx, avx2, aes, clmul, erms, rtm, 3dnowpref, lzcnt, ht, tsc, tscinvbit, bmi1, bmi2, adx

Memory: 4k page, physical 8258516k(1136356k free), swap 10353808k(5980k free)

vm_info: Java HotSpot(TM) 64-Bit Server VM (25.91-b14) for windows-amd64 JRE (1.8.0_91-b14), built on Apr  1 2016 00:58:32 by "java_re" with MS VC++ 10.0 (VS2010)

time: Tue Nov 08 23:35:59 2016
elapsed time: 3 seconds (0d 0h 0m 3s)

