#
# There is insufficient memory for the Java Runtime Environment to continue.
# Native memory allocation (malloc) failed to allocate 1479376 bytes for Chunk::new
# Possible reasons:
#   The system is out of physical RAM or swap space
#   In 32 bit mode, the process size limit was hit
# Possible solutions:
#   Reduce memory load on the system
#   Increase physical memory or swap space
#   Check if swap backing store is full
#   Use 64 bit Java on a 64 bit OS
#   Decrease Java heap size (-Xmx/-Xms)
#   Decrease number of Java threads
#   Decrease Java thread stack sizes (-Xss)
#   Set larger code cache with -XX:ReservedCodeCacheSize=
# This output file may be truncated or incomplete.
#
#  Out of Memory Error (allocation.cpp:390), pid=13936, tid=11004
#
# JRE version: Java(TM) SE Runtime Environment (8.0_91-b14) (build 1.8.0_91-b14)
# Java VM: Java HotSpot(TM) 64-Bit Server VM (25.91-b14 mixed mode windows-amd64 compressed oops)
# Failed to write core dump. Minidumps are not enabled by default on client versions of Windows
#

---------------  T H R E A D  ---------------

Current thread (0x000000001679d800):  JavaThread "C2 CompilerThread1" daemon [_thread_in_native, id=11004, stack(0x0000000017fe0000,0x00000000180e0000)]

Stack: [0x0000000017fe0000,0x00000000180e0000]
[error occurred during error reporting (printing stack bounds), id 0xc0000005]

Native frames: (J=compiled Java code, j=interpreted, Vv=VM code, C=native code)


Current CompileTask:
C2:   2317 1040   !   4       com.android.dx.cf.cst.ConstantPoolParser::parse0 (731 bytes)


---------------  P R O C E S S  ---------------

Java Threads: ( => current thread )
  0x00000000186b5000 JavaThread "pool-1-thread-4" [_thread_in_Java, id=4696, stack(0x0000000019470000,0x0000000019570000)]
  0x00000000186b2000 JavaThread "pool-1-thread-3" [_thread_in_vm, id=10544, stack(0x0000000019350000,0x0000000019450000)]
  0x0000000018670800 JavaThread "pool-1-thread-2" [_thread_in_vm, id=10160, stack(0x0000000019170000,0x0000000019270000)]
  0x0000000018615800 JavaThread "pool-2-thread-1" [_thread_blocked, id=3988, stack(0x0000000018fe0000,0x00000000190e0000)]
  0x0000000018614800 JavaThread "pool-1-thread-1" [_thread_in_Java, id=13548, stack(0x0000000018dc0000,0x0000000018ec0000)]
  0x00000000167ac000 JavaThread "Service Thread" daemon [_thread_blocked, id=7712, stack(0x00000000184b0000,0x00000000185b0000)]
  0x00000000167a3800 JavaThread "C1 CompilerThread3" daemon [_thread_in_vm, id=10300, stack(0x0000000017d50000,0x0000000017e50000)]
  0x00000000167a0800 JavaThread "C2 CompilerThread2" daemon [_thread_in_native, id=13412, stack(0x00000000181d0000,0x00000000182d0000)]
=>0x000000001679d800 JavaThread "C2 CompilerThread1" daemon [_thread_in_native, id=11004, stack(0x0000000017fe0000,0x00000000180e0000)]
  0x0000000016737800 JavaThread "C2 CompilerThread0" daemon [_thread_in_native, id=8956, stack(0x0000000017ed0000,0x0000000017fd0000)]
  0x0000000016736000 JavaThread "Attach Listener" daemon [_thread_blocked, id=2996, stack(0x0000000017b10000,0x0000000017c10000)]
  0x0000000016735000 JavaThread "Signal Dispatcher" daemon [_thread_blocked, id=6480, stack(0x0000000017c30000,0x0000000017d30000)]
  0x000000001566d000 JavaThread "Finalizer" daemon [_thread_blocked, id=13436, stack(0x0000000017a10000,0x0000000017b10000)]
  0x00000000024af800 JavaThread "Reference Handler" daemon [_thread_blocked, id=9972, stack(0x0000000017830000,0x0000000017930000)]
  0x00000000020ce800 JavaThread "main" [_thread_blocked, id=13852, stack(0x0000000002650000,0x0000000002750000)]

Other Threads:
  0x00000000024ac800 VMThread [stack: 0x0000000017720000,0x0000000017820000] [id=14056]
  0x00000000167be800 WatcherThread [stack: 0x00000000182d0000,0x00000000183d0000] [id=9396]

VM state:not at safepoint (normal execution)

VM Mutex/Monitor currently owned by a thread: None

Heap:
 PSYoungGen      total 38400K, used 32631K [0x00000000eab00000, 0x00000000ef600000, 0x0000000100000000)
  eden space 33280K, 82% used [0x00000000eab00000,0x00000000ec5de758,0x00000000ecb80000)
  from space 5120K, 99% used [0x00000000ecb80000,0x00000000ed07f628,0x00000000ed080000)
  to   space 5120K, 0% used [0x00000000ef100000,0x00000000ef100000,0x00000000ef600000)
 ParOldGen       total 87552K, used 1053K [0x00000000c0000000, 0x00000000c5580000, 0x00000000eab00000)
  object space 87552K, 1% used [0x00000000c0000000,0x00000000c0107658,0x00000000c5580000)
 Metaspace       used 6139K, capacity 7028K, committed 7296K, reserved 1056768K
  class space    used 604K, capacity 620K, committed 640K, reserved 1048576K

Card table byte_map: [0x0000000011b10000,0x0000000011d20000] byte_map_base: 0x0000000011510000

Marking Bits: (ParMarkBitMap*) 0x0000000070872f70
 Begin Bits: [0x0000000012a80000, 0x0000000013a80000)
 End Bits:   [0x0000000013a80000, 0x0000000014a80000)

Polling page: 0x0000000002070000

CodeCache: size=245760Kb used=4454Kb max_used=4454Kb free=241305Kb
 bounds [0x0000000002750000, 0x0000000002bb0000, 0x0000000011750000]
 total_blobs=1440 nmethods=1169 adapters=184
 compilation: enabled

Compilation events (10 events):
Event: 2.260 Thread 0x00000000167a0800 nmethod 1086 0x0000000002b9cd50 code [0x0000000002b9cf00, 0x0000000002b9d708]
Event: 2.260 Thread 0x00000000167a0800  945       4       com.android.dx.rop.code.LocalItem::compareTo (32 bytes)
Event: 2.263 Thread 0x00000000167a0800 nmethod 945 0x0000000002b9de10 code [0x0000000002b9df60, 0x0000000002b9e2d8]
Event: 2.263 Thread 0x00000000167a0800 1194       4       com.android.dx.ssa.MoveParamCombiner$1::visitNonMoveInsn (213 bytes)
Event: 2.266 Thread 0x00000000167a0800 nmethod 1194 0x0000000002b98810 code [0x0000000002b98960, 0x0000000002b98ad8]
Event: 2.266 Thread 0x00000000167a0800 1201   !   4       com.android.dx.rop.code.BasicBlock::<init> (273 bytes)
Event: 2.277 Thread 0x00000000167a0800 nmethod 1201 0x0000000002b99710 code [0x0000000002b99880, 0x0000000002b99eb8]
Event: 2.277 Thread 0x00000000167a0800 1202       4       com.android.dx.ssa.back.RegisterAllocator::getDefinitionSpecForSsaReg (22 bytes)
Event: 2.280 Thread 0x00000000167a0800 nmethod 1202 0x0000000002b99110 code [0x0000000002b99280, 0x0000000002b994c8]
Event: 2.280 Thread 0x00000000167a0800 1195       4       com.android.dx.ssa.back.FirstFitLocalCombiningAllocator$1::processInsn (169 bytes)

GC Heap History (2 events):
Event: 1.734 GC heap before
{Heap before GC invocations=1 (full 0):
 PSYoungGen      total 38400K, used 33280K [0x00000000eab00000, 0x00000000ed580000, 0x0000000100000000)
  eden space 33280K, 100% used [0x00000000eab00000,0x00000000ecb80000,0x00000000ecb80000)
  from space 5120K, 0% used [0x00000000ed080000,0x00000000ed080000,0x00000000ed580000)
  to   space 5120K, 0% used [0x00000000ecb80000,0x00000000ecb80000,0x00000000ed080000)
 ParOldGen       total 87552K, used 0K [0x00000000c0000000, 0x00000000c5580000, 0x00000000eab00000)
  object space 87552K, 0% used [0x00000000c0000000,0x00000000c0000000,0x00000000c5580000)
 Metaspace       used 5833K, capacity 6772K, committed 7040K, reserved 1056768K
  class space    used 598K, capacity 620K, committed 640K, reserved 1048576K
Event: 2.050 GC heap after
Heap after GC invocations=1 (full 0):
 PSYoungGen      total 38400K, used 5117K [0x00000000eab00000, 0x00000000ef600000, 0x0000000100000000)
  eden space 33280K, 0% used [0x00000000eab00000,0x00000000eab00000,0x00000000ecb80000)
  from space 5120K, 99% used [0x00000000ecb80000,0x00000000ed07f628,0x00000000ed080000)
  to   space 5120K, 0% used [0x00000000ef100000,0x00000000ef100000,0x00000000ef600000)
 ParOldGen       total 87552K, used 1053K [0x00000000c0000000, 0x00000000c5580000, 0x00000000eab00000)
  object space 87552K, 1% used [0x00000000c0000000,0x00000000c0107658,0x00000000c5580000)
 Metaspace       used 5833K, capacity 6772K, committed 7040K, reserved 1056768K
  class space    used 598K, capacity 620K, committed 640K, reserved 1048576K
}

Deoptimization events (3 events):
Event: 1.230 Thread 0x0000000018670800 Uncommon trap: reason=unstable_if action=reinterpret pc=0x0000000002944b90 method=java.util.HashMap.getNode(ILjava/lang/Object;)Ljava/util/HashMap$Node; @ 129
Event: 1.233 Thread 0x00000000186b5000 Uncommon trap: reason=unstable_if action=reinterpret pc=0x0000000002943920 method=java.util.BitSet.nextSetBit(I)I @ 87
Event: 2.210 Thread 0x00000000020ce800 Uncommon trap: reason=unstable_if action=reinterpret pc=0x0000000002b4565c method=com.android.dx.ssa.SCCP.simulateStmt(Lcom/android/dx/ssa/SsaInsn;)V @ 53

Internal exceptions (2 events):
Event: 0.097 Thread 0x00000000020ce800 Exception <a 'java/lang/NoSuchMethodError': Method sun.misc.Unsafe.defineClass(Ljava/lang/String;[BII)Ljava/lang/Class; name or signature does not match> (0x00000000eab07cc0) thrown at [C:\re\workspace\8-2-build-windows-amd64-cygwin\jdk8u91\6644\hotspot\sr‰H)üË¸?
Event: 0.097 Thread 0x00000000020ce800 Exception <a 'java/lang/NoSuchMethodError': Method sun.misc.Unsafe.prefetchRead(Ljava/lang/Object;J)V name or signature does not match> (0x00000000eab07fa8) thrown at [C:\re\workspace\8-2-build-windows-amd64-cygwin\jdk8u91\6644\hotspot\src\share\vm\prims\j

Events (10 events):
Event: 2.155 loading class com/android/dx/dex/file/UniformListItem done
Event: 2.156 loading class com/android/dx/dex/file/AnnotationSetRefItem
Event: 2.156 loading class com/android/dx/dex/file/AnnotationSetRefItem done
Event: 2.179 loading class com/android/dx/cf/attrib/AttRuntimeInvisibleAnnotations
Event: 2.179 loading class com/android/dx/cf/attrib/AttRuntimeInvisibleAnnotations done
Event: 2.179 loading class com/android/dx/cf/attrib/BaseAnnotations
Event: 2.179 loading class com/android/dx/cf/attrib/BaseAnnotations done
Event: 2.210 Thread 0x00000000020ce800 Uncommon trap: trap_request=0xffffff65 fr.pc=0x0000000002b4565c
Event: 2.210 Thread 0x00000000020ce800 DEOPT PACKING pc=0x0000000002b4565c sp=0x000000000274e210
Event: 2.211 Thread 0x00000000020ce800 DEOPT UNPACKING pc=0x000000000279582a sp=0x000000000274e1d8 mode 2


Dynamic libraries:
0x000000013f790000 - 0x000000013f7c7000 	D:\jdk1.8.0_91\bin\java.exe
0x0000000077780000 - 0x000000007792a000 	C:\Windows\SYSTEM32\ntdll.dll
0x0000000077560000 - 0x000000007767f000 	C:\Windows\system32\kernel32.dll
0x000007fefd790000 - 0x000007fefd7fa000 	C:\Windows\system32\KERNELBASE.dll
0x000007fefe420000 - 0x000007fefe4fb000 	C:\Windows\system32\ADVAPI32.dll
0x000007fefe170000 - 0x000007fefe20f000 	C:\Windows\system32\msvcrt.dll
0x000007fefddc0000 - 0x000007fefdddf000 	C:\Windows\SYSTEM32\sechost.dll
0x000007fefe500000 - 0x000007fefe62d000 	C:\Windows\system32\RPCRT4.dll
0x0000000077680000 - 0x000000007777a000 	C:\Windows\system32\USER32.dll
0x000007fefde70000 - 0x000007fefded7000 	C:\Windows\system32\GDI32.dll
0x000007fefec10000 - 0x000007fefec1e000 	C:\Windows\system32\LPK.dll
0x000007fefda90000 - 0x000007fefdb5a000 	C:\Windows\system32\USP10.dll
0x000007fefbe60000 - 0x000007fefc054000 	C:\Windows\WinSxS\amd64_microsoft.windows.common-controls_6595b64144ccf1df_6.0.7601.18837_none_fa3b1e3d17594757\COMCTL32.dll
0x000007fefdde0000 - 0x000007fefde51000 	C:\Windows\system32\SHLWAPI.dll
0x000007fefe630000 - 0x000007fefe65e000 	C:\Windows\system32\IMM32.DLL
0x000007fefdee0000 - 0x000007fefdfe9000 	C:\Windows\system32\MSCTF.dll
0x000007fefd640000 - 0x000007fefd671000 	C:\Windows\system32\nvinitx.dll
0x000007fefd630000 - 0x000007fefd63c000 	C:\Windows\system32\VERSION.dll
0x0000000075080000 - 0x0000000075086000 	C:\Program Files\NVIDIA Corporation\CoProcManager\detoured.dll
0x000007fefacd0000 - 0x000007fefad02000 	C:\Program Files\NVIDIA Corporation\CoProcManager\nvd3d9wrapx.dll
0x000007fefea30000 - 0x000007fefec07000 	C:\Windows\system32\SETUPAPI.dll
0x000007fefd730000 - 0x000007fefd766000 	C:\Windows\system32\CFGMGR32.dll
0x000007feff9b0000 - 0x000007feffa8a000 	C:\Windows\system32\OLEAUT32.dll
0x000007fefe210000 - 0x000007fefe413000 	C:\Windows\system32\ole32.dll
0x000007fefd770000 - 0x000007fefd78a000 	C:\Windows\system32\DEVOBJ.dll
0x000007fefabf0000 - 0x000007fefac12000 	C:\Program Files\NVIDIA Corporation\CoProcManager\nvdxgiwrapx.dll
0x0000000078dc0000 - 0x0000000078e92000 	D:\jdk1.8.0_91\jre\bin\msvcr100.dll
0x0000000070060000 - 0x00000000708f3000 	D:\jdk1.8.0_91\jre\bin\server\jvm.dll
0x000007fef78e0000 - 0x000007fef78e9000 	C:\Windows\system32\WSOCK32.dll
0x000007fefe120000 - 0x000007fefe16d000 	C:\Windows\system32\WS2_32.dll
0x000007fefde60000 - 0x000007fefde68000 	C:\Windows\system32\NSI.dll
0x000007fefb6f0000 - 0x000007fefb72b000 	C:\Windows\system32\WINMM.dll
0x0000000077940000 - 0x0000000077947000 	C:\Windows\system32\PSAPI.DLL
0x000000006e110000 - 0x000000006e11f000 	D:\jdk1.8.0_91\jre\bin\verify.dll
0x00000000517a0000 - 0x00000000517c9000 	D:\jdk1.8.0_91\jre\bin\java.dll
0x000000006e0f0000 - 0x000000006e106000 	D:\jdk1.8.0_91\jre\bin\zip.dll
0x000007fefec20000 - 0x000007feff9a9000 	C:\Windows\system32\SHELL32.dll
0x000007fefd680000 - 0x000007fefd68f000 	C:\Windows\system32\profapi.dll

VM Arguments:
jvm_args: -Djava.awt.headless=true -Xmx1024M -Dfile.encoding=GBK -Duser.country=CN -Duser.language=zh -Duser.variant 
java_command: com.android.dx.command.Main --dex --num-threads=4 --output C:\Users\Administrator\Helloworld\mapdev\build\intermediates\pre-dexed\debug\internal_impl-23.2.0_6f54d8d749dd5e52fefeb5e335dcbed789afb0e7.jar C:\Users\Administrator\Helloworld\mapdev\build\intermediates\exploded-aar\com.android.support\support-v4\23.2.0\jars\libs\internal_impl-23.2.0.jar
java_class_path (initial): D:\Android\sdk\build-tools\23.0.2\lib\dx.jar
Launcher Type: SUN_STANDARD

Environment Variables:
JAVA_HOME=D:\jdk1.8.0_91
CLASSPATH=.;D:\jdk1.8.0_91\lib;
PATH=D:\jdk1.8.0_91\bin;C:\Program Files\doxygen\bin;C:\Program Files\TortoiseSVN\bin;C:\Windows\system32;C:\Windows;C:\Windows\system32\wbem;C:\Program Files\nodejs\;C:\Program Files\Intel\WiFi\bin\;C:\Program Files\Common Files\Intel\WirelessCommon\;C:\Users\Administrator\AppData\Roaming\npm
USERNAME=Administrator
OS=Windows_NT
PROCESSOR_IDENTIFIER=Intel64 Family 6 Model 94 Stepping 3, GenuineIntel



---------------  S Y S T E M  ---------------

OS: Windows 7 , 64 bit Build 7601 (6.1.7601.23539)

CPU:total 8 (4 cores per cpu, 2 threads per core) family 6 model 94 stepping 3, cmov, cx8, fxsr, mmx, sse, sse2, sse3, ssse3, sse4.1, sse4.2, popcnt, avx, avx2, aes, clmul, erms, rtm, 3dnowpref, lzcnt, ht, tsc, tscinvbit, bmi1, bmi2, adx

Memory: 4k page, physical 8258516k(1229024k free), swap 10353808k(223272k free)

vm_info: Java HotSpot(TM) 64-Bit Server VM (25.91-b14) for windows-amd64 JRE (1.8.0_91-b14), built on Apr  1 2016 00:58:32 by "java_re" with MS VC++ 10.0 (VS2010)

time: Tue Nov 08 23:31:23 2016
elapsed time: 2 seconds (0d 0h 0m 2s)

