#
# There is insufficient memory for the Java Runtime Environment to continue.
# Native memory allocation (malloc) failed to allocate 32744 bytes for ChunkPool::allocate
# Possible reasons:
#   The system is out of physical RAM or swap space
#   In 32 bit mode, the process size limit was hit
# Possible solutions:
#   Reduce memory load on the system
#   Increase physical memory or swap space
#   Check if swap backing store is full
#   Use 64 bit Java on a 64 bit OS
#   Decrease Java heap size (-Xmx/-Xms)
#   Decrease number of Java threads
#   Decrease Java thread stack sizes (-Xss)
#   Set larger code cache with -XX:ReservedCodeCacheSize=
# This output file may be truncated or incomplete.
#
#  Out of Memory Error (allocation.cpp:273), pid=14332, tid=10052
#
# JRE version: Java(TM) SE Runtime Environment (8.0_91-b14) (build 1.8.0_91-b14)
# Java VM: Java HotSpot(TM) 64-Bit Server VM (25.91-b14 mixed mode windows-amd64 compressed oops)
# Failed to write core dump. Minidumps are not enabled by default on client versions of Windows
#

---------------  T H R E A D  ---------------

Current thread (0x0000000016a22000):  JavaThread "C2 CompilerThread2" daemon [_thread_in_native, id=10052, stack(0x0000000017be0000,0x0000000017ce0000)]

Stack: [0x0000000017be0000,0x0000000017ce0000]
[error occurred during error reporting (printing stack bounds), id 0xc0000005]

Native frames: (J=compiled Java code, j=interpreted, Vv=VM code, C=native code)


Current CompileTask:
C2:    265   10       4       java.lang.String::length (6 bytes)


---------------  P R O C E S S  ---------------

Java Threads: ( => current thread )
  0x0000000016a2d800 JavaThread "Service Thread" daemon [_thread_blocked, id=11808, stack(0x0000000018370000,0x0000000018470000)]
  0x0000000016a25000 JavaThread "C1 CompilerThread3" daemon [_thread_blocked, id=9592, stack(0x0000000018600000,0x0000000018700000)]
=>0x0000000016a22000 JavaThread "C2 CompilerThread2" daemon [_thread_in_native, id=10052, stack(0x0000000017be0000,0x0000000017ce0000)]
  0x0000000016a1f000 JavaThread "C2 CompilerThread1" daemon [_thread_blocked, id=14140, stack(0x0000000018470000,0x0000000018570000)]
  0x00000000169ba000 JavaThread "C2 CompilerThread0" daemon [_thread_blocked, id=9316, stack(0x0000000018260000,0x0000000018360000)]
  0x00000000169b9800 JavaThread "Attach Listener" daemon [_thread_blocked, id=12448, stack(0x0000000018060000,0x0000000018160000)]
  0x00000000169af800 JavaThread "Signal Dispatcher" daemon [_thread_blocked, id=10136, stack(0x0000000017ee0000,0x0000000017fe0000)]
  0x0000000015a00800 JavaThread "Finalizer" daemon [_thread_blocked, id=11240, stack(0x0000000017cf0000,0x0000000017df0000)]
  0x0000000016953800 JavaThread "Reference Handler" daemon [_thread_blocked, id=7348, stack(0x0000000017ac0000,0x0000000017bc0000)]
  0x000000000258e800 JavaThread "main" [_thread_in_native, id=4684, stack(0x0000000002790000,0x0000000002890000)]

Other Threads:
  0x0000000016952000 VMThread [stack: 0x0000000017940000,0x0000000017a40000] [id=10192]

VM state:not at safepoint (normal execution)

VM Mutex/Monitor currently owned by a thread: None

Heap:
 PSYoungGen      total 38400K, used 1331K [0x00000000eab00000, 0x00000000ed580000, 0x0000000100000000)
  eden space 33280K, 4% used [0x00000000eab00000,0x00000000eac4cce8,0x00000000ecb80000)
  from space 5120K, 0% used [0x00000000ed080000,0x00000000ed080000,0x00000000ed580000)
  to   space 5120K, 0% used [0x00000000ecb80000,0x00000000ecb80000,0x00000000ed080000)
 ParOldGen       total 87552K, used 0K [0x00000000c0000000, 0x00000000c5580000, 0x00000000eab00000)
  object space 87552K, 0% used [0x00000000c0000000,0x00000000c0000000,0x00000000c5580000)
 Metaspace       used 2353K, capacity 4480K, committed 4480K, reserved 1056768K
  class space    used 257K, capacity 384K, committed 384K, reserved 1048576K

Card table byte_map: [0x0000000011c50000,0x0000000011e60000] byte_map_base: 0x0000000011650000

Marking Bits: (ParMarkBitMap*) 0x0000000070872f70
 Begin Bits: [0x0000000012e10000, 0x0000000013e10000)
 End Bits:   [0x0000000013e10000, 0x0000000014e10000)

Polling page: 0x0000000000140000

CodeCache: size=245760Kb used=1083Kb max_used=1089Kb free=244676Kb
 bounds [0x0000000002890000, 0x0000000002b00000, 0x0000000011890000]
 total_blobs=242 nmethods=16 adapters=140
 compilation: enabled

Compilation events (10 events):
Event: 0.254 Thread 0x0000000016a25000    5       3       java.lang.String::<init> (82 bytes)
Event: 0.254 Thread 0x0000000016a25000 nmethod 5 0x000000000299ab50 code [0x000000000299ad20, 0x000000000299b218]
Event: 0.255 Thread 0x0000000016a25000    6       3       java.util.Arrays::copyOfRange (63 bytes)
Event: 0.255 Thread 0x0000000016a25000 nmethod 6 0x000000000299b490 code [0x000000000299b6a0, 0x000000000299c1b8]
Event: 0.256 Thread 0x00000000169ba000    8       4       java.util.TreeMap::parentOf (13 bytes)
Event: 0.256 Thread 0x0000000016a1f000    9       4       java.lang.String::charAt (29 bytes)
Event: 0.256 Thread 0x0000000016a25000   11       3       java.lang.CharacterData::of (120 bytes)
Event: 0.256 Thread 0x0000000016a22000   10       4       java.lang.String::length (6 bytes)
Event: 0.256 Thread 0x0000000016a25000 nmethod 11 0x000000000299c710 code [0x000000000299c8c0, 0x000000000299ce30]
Event: 0.256 Thread 0x0000000016a25000   12       3       java.lang.CharacterDataLatin1::getProperties (11 bytes)

GC Heap History (0 events):
No events

Deoptimization events (0 events):
No events

Internal exceptions (2 events):
Event: 0.107 Thread 0x000000000258e800 Exception <a 'java/lang/NoSuchMethodError': Method sun.misc.Unsafe.defineClass(Ljava/lang/String;[BII)Ljava/lang/Class; name or signature does not match> (0x00000000eab07cc0) thrown at [C:\re\workspace\8-2-build-windows-amd64-cygwin\jdk8u91\6644\hotspot\srl„«Ùq»?
Event: 0.107 Thread 0x000000000258e800 Exception <a 'java/lang/NoSuchMethodError': Method sun.misc.Unsafe.prefetchRead(Ljava/lang/Object;J)V name or signature does not match> (0x00000000eab07fa8) thrown at [C:\re\workspace\8-2-build-windows-amd64-cygwin\jdk8u91\6644\hotspot\src\share\vm\prims\j

Events (10 events):
Event: 0.254 loading class java/util/HashMap$EntrySet
Event: 0.255 loading class java/util/HashMap$EntrySet done
Event: 0.255 loading class java/lang/ProcessEnvironment$CheckedEntrySet$1
Event: 0.255 loading class java/lang/ProcessEnvironment$CheckedEntrySet$1 done
Event: 0.255 loading class java/util/HashMap$EntryIterator
Event: 0.255 loading class java/util/HashMap$HashIterator
Event: 0.255 loading class java/util/HashMap$HashIterator done
Event: 0.255 loading class java/util/HashMap$EntryIterator done
Event: 0.255 loading class java/lang/ProcessEnvironment$CheckedEntry
Event: 0.255 loading class java/lang/ProcessEnvironment$CheckedEntry done


Dynamic libraries:
0x000000013f790000 - 0x000000013f7c7000 	D:\jdk1.8.0_91\bin\java.exe
0x0000000077780000 - 0x000000007792a000 	C:\Windows\SYSTEM32\ntdll.dll
0x0000000077560000 - 0x000000007767f000 	C:\Windows\system32\kernel32.dll
0x000007fefd790000 - 0x000007fefd7fa000 	C:\Windows\system32\KERNELBASE.dll
0x000007fefe420000 - 0x000007fefe4fb000 	C:\Windows\system32\ADVAPI32.dll
0x000007fefe170000 - 0x000007fefe20f000 	C:\Windows\system32\msvcrt.dll
0x000007fefddc0000 - 0x000007fefdddf000 	C:\Windows\SYSTEM32\sechost.dll
0x000007fefe500000 - 0x000007fefe62d000 	C:\Windows\system32\RPCRT4.dll
0x0000000077680000 - 0x000000007777a000 	C:\Windows\system32\USER32.dll
0x000007fefde70000 - 0x000007fefded7000 	C:\Windows\system32\GDI32.dll
0x000007fefec10000 - 0x000007fefec1e000 	C:\Windows\system32\LPK.dll
0x000007fefda90000 - 0x000007fefdb5a000 	C:\Windows\system32\USP10.dll
0x000007fefbe60000 - 0x000007fefc054000 	C:\Windows\WinSxS\amd64_microsoft.windows.common-controls_6595b64144ccf1df_6.0.7601.18837_none_fa3b1e3d17594757\COMCTL32.dll
0x000007fefdde0000 - 0x000007fefde51000 	C:\Windows\system32\SHLWAPI.dll
0x000007fefe630000 - 0x000007fefe65e000 	C:\Windows\system32\IMM32.DLL
0x000007fefdee0000 - 0x000007fefdfe9000 	C:\Windows\system32\MSCTF.dll
0x000007fefd640000 - 0x000007fefd671000 	C:\Windows\system32\nvinitx.dll
0x000007fefd630000 - 0x000007fefd63c000 	C:\Windows\system32\VERSION.dll
0x0000000075080000 - 0x0000000075086000 	C:\Program Files\NVIDIA Corporation\CoProcManager\detoured.dll
0x000007fefacd0000 - 0x000007fefad02000 	C:\Program Files\NVIDIA Corporation\CoProcManager\nvd3d9wrapx.dll
0x000007fefea30000 - 0x000007fefec07000 	C:\Windows\system32\SETUPAPI.dll
0x000007fefd730000 - 0x000007fefd766000 	C:\Windows\system32\CFGMGR32.dll
0x000007feff9b0000 - 0x000007feffa8a000 	C:\Windows\system32\OLEAUT32.dll
0x000007fefe210000 - 0x000007fefe413000 	C:\Windows\system32\ole32.dll
0x000007fefd770000 - 0x000007fefd78a000 	C:\Windows\system32\DEVOBJ.dll
0x000007fefabf0000 - 0x000007fefac12000 	C:\Program Files\NVIDIA Corporation\CoProcManager\nvdxgiwrapx.dll
0x0000000078dc0000 - 0x0000000078e92000 	D:\jdk1.8.0_91\jre\bin\msvcr100.dll
0x0000000070060000 - 0x00000000708f3000 	D:\jdk1.8.0_91\jre\bin\server\jvm.dll
0x000007fef78e0000 - 0x000007fef78e9000 	C:\Windows\system32\WSOCK32.dll
0x000007fefe120000 - 0x000007fefe16d000 	C:\Windows\system32\WS2_32.dll
0x000007fefde60000 - 0x000007fefde68000 	C:\Windows\system32\NSI.dll
0x000007fefb6f0000 - 0x000007fefb72b000 	C:\Windows\system32\WINMM.dll
0x0000000077940000 - 0x0000000077947000 	C:\Windows\system32\PSAPI.DLL
0x000000006e110000 - 0x000000006e11f000 	D:\jdk1.8.0_91\jre\bin\verify.dll
0x00000000517a0000 - 0x00000000517c9000 	D:\jdk1.8.0_91\jre\bin\java.dll
0x000000006e0f0000 - 0x000000006e106000 	D:\jdk1.8.0_91\jre\bin\zip.dll
0x000007fefec20000 - 0x000007feff9a9000 	C:\Windows\system32\SHELL32.dll
0x000007fefd680000 - 0x000007fefd68f000 	C:\Windows\system32\profapi.dll

VM Arguments:
jvm_args: -Djava.awt.headless=true -Xmx1024M -Dfile.encoding=GBK -Duser.country=CN -Duser.language=zh -Duser.variant 
java_command: com.android.dx.command.Main --dex --num-threads=4 --output C:\Users\Administrator\Helloworld\mapdev\build\intermediates\pre-dexed\debug\litepal-1.3.1_a9d0be3235bf207b0209511c00b6242dcd5b46e0.jar C:\Users\Administrator\Helloworld\mapdev\libs\litepal-1.3.1.jar
java_class_path (initial): D:\Android\sdk\build-tools\23.0.2\lib\dx.jar
Launcher Type: SUN_STANDARD

Environment Variables:
JAVA_HOME=D:\jdk1.8.0_91
CLASSPATH=.;D:\jdk1.8.0_91\lib;
PATH=D:\jdk1.8.0_91\bin;C:\Program Files\doxygen\bin;C:\Program Files\TortoiseSVN\bin;C:\Windows\system32;C:\Windows;C:\Windows\system32\wbem;C:\Program Files\nodejs\;C:\Program Files\Intel\WiFi\bin\;C:\Program Files\Common Files\Intel\WirelessCommon\;C:\Users\Administrator\AppData\Roaming\npm
USERNAME=Administrator
OS=Windows_NT
PROCESSOR_IDENTIFIER=Intel64 Family 6 Model 94 Stepping 3, GenuineIntel



---------------  S Y S T E M  ---------------

OS: Windows 7 , 64 bit Build 7601 (6.1.7601.23539)

CPU:total 8 (4 cores per cpu, 2 threads per core) family 6 model 94 stepping 3, cmov, cx8, fxsr, mmx, sse, sse2, sse3, ssse3, sse4.1, sse4.2, popcnt, avx, avx2, aes, clmul, erms, rtm, 3dnowpref, lzcnt, ht, tsc, tscinvbit, bmi1, bmi2, adx

Memory: 4k page, physical 8258516k(1378004k free), swap 10353808k(138296k free)

vm_info: Java HotSpot(TM) 64-Bit Server VM (25.91-b14) for windows-amd64 JRE (1.8.0_91-b14), built on Apr  1 2016 00:58:32 by "java_re" with MS VC++ 10.0 (VS2010)

time: Tue Nov 08 23:31:21 2016
elapsed time: 0 seconds (0d 0h 0m 0s)

