#
# There is insufficient memory for the Java Runtime Environment to continue.
# Native memory allocation (malloc) failed to allocate 322240 bytes for Chunk::new
# Possible reasons:
#   The system is out of physical RAM or swap space
#   In 32 bit mode, the process size limit was hit
# Possible solutions:
#   Reduce memory load on the system
#   Increase physical memory or swap space
#   Check if swap backing store is full
#   Use 64 bit Java on a 64 bit OS
#   Decrease Java heap size (-Xmx/-Xms)
#   Decrease number of Java threads
#   Decrease Java thread stack sizes (-Xss)
#   Set larger code cache with -XX:ReservedCodeCacheSize=
# This output file may be truncated or incomplete.
#
#  Out of Memory Error (allocation.cpp:390), pid=12056, tid=14168
#
# JRE version: Java(TM) SE Runtime Environment (8.0_91-b14) (build 1.8.0_91-b14)
# Java VM: Java HotSpot(TM) 64-Bit Server VM (25.91-b14 mixed mode windows-amd64 compressed oops)
# Failed to write core dump. Minidumps are not enabled by default on client versions of Windows
#

---------------  T H R E A D  ---------------

Current thread (0x00000000168d8800):  JavaThread "C2 CompilerThread0" daemon [_thread_in_native, id=14168, stack(0x0000000018000000,0x0000000018100000)]

Stack: [0x0000000018000000,0x0000000018100000]
[error occurred during error reporting (printing stack bounds), id 0xc0000005]

Native frames: (J=compiled Java code, j=interpreted, Vv=VM code, C=native code)


Current CompileTask:
C2:   2425 1215       4       com.android.dx.ssa.SCCP::simulateBranch (666 bytes)


---------------  P R O C E S S  ---------------

Java Threads: ( => current thread )
  0x0000000016975000 JavaThread "Service Thread" daemon [_thread_blocked, id=4396, stack(0x00000000185f0000,0x00000000186f0000)]
  0x000000001690d000 JavaThread "C1 CompilerThread3" daemon [_thread_in_vm, id=14216, stack(0x0000000018380000,0x0000000018480000)]
  0x00000000168ea800 JavaThread "C2 CompilerThread2" daemon [_thread_in_native, id=9676, stack(0x0000000017c10000,0x0000000017d10000)]
  0x00000000168de800 JavaThread "C2 CompilerThread1" daemon [_thread_blocked, id=2840, stack(0x0000000018230000,0x0000000018330000)]
=>0x00000000168d8800 JavaThread "C2 CompilerThread0" daemon [_thread_in_native, id=14168, stack(0x0000000018000000,0x0000000018100000)]
  0x00000000168ce000 JavaThread "Attach Listener" daemon [_thread_blocked, id=10840, stack(0x0000000017e60000,0x0000000017f60000)]
  0x00000000168cd000 JavaThread "Signal Dispatcher" daemon [_thread_blocked, id=10968, stack(0x0000000017d60000,0x0000000017e60000)]
  0x000000001580d000 JavaThread "Finalizer" daemon [_thread_blocked, id=11548, stack(0x00000000179c0000,0x0000000017ac0000)]
  0x00000000025ff800 JavaThread "Reference Handler" daemon [_thread_blocked, id=11512, stack(0x0000000017ac0000,0x0000000017bc0000)]
  0x00000000026ce800 JavaThread "main" [_thread_in_Java, id=11612, stack(0x0000000002860000,0x0000000002960000)]

Other Threads:
  0x00000000025fc800 VMThread [stack: 0x0000000017870000,0x0000000017970000] [id=13724]
  0x0000000016963800 WatcherThread [stack: 0x0000000018100000,0x0000000018200000] [id=13368]

VM state:not at safepoint (normal execution)

VM Mutex/Monitor currently owned by a thread: None

Heap:
 PSYoungGen      total 38400K, used 11134K [0x00000000eab00000, 0x00000000ed580000, 0x0000000100000000)
  eden space 33280K, 18% used [0x00000000eab00000,0x00000000eb0e64a8,0x00000000ecb80000)
  from space 5120K, 99% used [0x00000000ecb80000,0x00000000ed0796b0,0x00000000ed080000)
  to   space 5120K, 0% used [0x00000000ed080000,0x00000000ed080000,0x00000000ed580000)
 ParOldGen       total 87552K, used 1211K [0x00000000c0000000, 0x00000000c5580000, 0x00000000eab00000)
  object space 87552K, 1% used [0x00000000c0000000,0x00000000c012efb8,0x00000000c5580000)
 Metaspace       used 6276K, capacity 7128K, committed 7424K, reserved 1056768K
  class space    used 625K, capacity 656K, committed 768K, reserved 1048576K

Card table byte_map: [0x0000000011d20000,0x0000000011f30000] byte_map_base: 0x0000000011720000

Marking Bits: (ParMarkBitMap*) 0x0000000070872f70
 Begin Bits: [0x0000000012c20000, 0x0000000013c20000)
 End Bits:   [0x0000000013c20000, 0x0000000014c20000)

Polling page: 0x0000000000150000

CodeCache: size=245760Kb used=5761Kb max_used=5761Kb free=239998Kb
 bounds [0x0000000002960000, 0x0000000002f10000, 0x0000000011960000]
 total_blobs=1763 nmethods=1492 adapters=184
 compilation: enabled

Compilation events (10 events):
Event: 2.413 Thread 0x000000001690d000 1498       3       com.android.dx.dex.code.PositionList::make (224 bytes)
Event: 2.414 Thread 0x00000000168de800 nmethod 1497 0x0000000002eed010 code [0x0000000002eed160, 0x0000000002eed258]
Event: 2.415 Thread 0x000000001690d000 nmethod 1498 0x0000000002ef82d0 code [0x0000000002ef85c0, 0x0000000002efa048]
Event: 2.415 Thread 0x000000001690d000 1500       3       com.android.dx.rop.code.BasicBlock::canThrow (11 bytes)
Event: 2.416 Thread 0x000000001690d000 nmethod 1500 0x0000000002ef75d0 code [0x0000000002ef7780, 0x0000000002ef7fd8]
Event: 2.416 Thread 0x000000001690d000 1503       3       com.android.dx.rop.code.RegisterSpec::isCategory2 (13 bytes)
Event: 2.416 Thread 0x000000001690d000 nmethod 1503 0x0000000002eddc10 code [0x0000000002eddd80, 0x0000000002ede058]
Event: 2.416 Thread 0x000000001690d000 1499       3       com.android.dx.dex.code.StdCatchBuilder::build (262 bytes)
Event: 2.417 Thread 0x00000000168de800 1508       4       com.android.dx.rop.code.SourcePosition::equals (46 bytes)
Event: 2.418 Thread 0x00000000168de800 nmethod 1508 0x0000000002eefdd0 code [0x0000000002eeff20, 0x0000000002eeffd8]

GC Heap History (2 events):
Event: 1.881 GC heap before
{Heap before GC invocations=1 (full 0):
 PSYoungGen      total 38400K, used 33280K [0x00000000eab00000, 0x00000000ed580000, 0x0000000100000000)
  eden space 33280K, 100% used [0x00000000eab00000,0x00000000ecb80000,0x00000000ecb80000)
  from space 5120K, 0% used [0x00000000ed080000,0x00000000ed080000,0x00000000ed580000)
  to   space 5120K, 0% used [0x00000000ecb80000,0x00000000ecb80000,0x00000000ed080000)
 ParOldGen       total 87552K, used 0K [0x00000000c0000000, 0x00000000c5580000, 0x00000000eab00000)
  object space 87552K, 0% used [0x00000000c0000000,0x00000000c0000000,0x00000000c5580000)
 Metaspace       used 5998K, capacity 6902K, committed 7040K, reserved 1056768K
  class space    used 608K, capacity 622K, committed 640K, reserved 1048576K
Event: 1.957 GC heap after
Heap after GC invocations=1 (full 0):
 PSYoungGen      total 38400K, used 5093K [0x00000000eab00000, 0x00000000ed580000, 0x0000000100000000)
  eden space 33280K, 0% used [0x00000000eab00000,0x00000000eab00000,0x00000000ecb80000)
  from space 5120K, 99% used [0x00000000ecb80000,0x00000000ed0796b0,0x00000000ed080000)
  to   space 5120K, 0% used [0x00000000ed080000,0x00000000ed080000,0x00000000ed580000)
 ParOldGen       total 87552K, used 1211K [0x00000000c0000000, 0x00000000c5580000, 0x00000000eab00000)
  object space 87552K, 1% used [0x00000000c0000000,0x00000000c012efb8,0x00000000c5580000)
 Metaspace       used 5998K, capacity 6902K, committed 7040K, reserved 1056768K
  class space    used 608K, capacity 622K, committed 640K, reserved 1048576K
}

Deoptimization events (10 events):
Event: 2.061 Thread 0x00000000026ce800 Uncommon trap: reason=bimorphic action=maybe_recompile pc=0x0000000002ddd220 method=java.util.HashMap.putVal(ILjava/lang/Object;Ljava/lang/Object;ZZ)Ljava/lang/Object; @ 203
Event: 2.062 Thread 0x00000000026ce800 Uncommon trap: reason=bimorphic action=maybe_recompile pc=0x0000000002ddd220 method=java.util.HashMap.putVal(ILjava/lang/Object;Ljava/lang/Object;ZZ)Ljava/lang/Object; @ 203
Event: 2.062 Thread 0x00000000026ce800 Uncommon trap: reason=bimorphic action=maybe_recompile pc=0x0000000002dbe3ec method=java.util.HashMap.putVal(ILjava/lang/Object;Ljava/lang/Object;ZZ)Ljava/lang/Object; @ 203
Event: 2.089 Thread 0x00000000026ce800 Uncommon trap: reason=bimorphic action=maybe_recompile pc=0x0000000002bca4a0 method=java.util.HashMap.getNode(ILjava/lang/Object;)Ljava/util/HashMap$Node; @ 126
Event: 2.089 Thread 0x00000000026ce800 Uncommon trap: reason=bimorphic action=maybe_recompile pc=0x0000000002bca4a0 method=java.util.HashMap.getNode(ILjava/lang/Object;)Ljava/util/HashMap$Node; @ 126
Event: 2.216 Thread 0x00000000026ce800 Uncommon trap: reason=speculate_class_check action=maybe_recompile pc=0x0000000002cc8f8c method=com.android.dx.util.FixedSizeList.equals(Ljava/lang/Object;)Z @ 25
Event: 2.216 Thread 0x00000000026ce800 Uncommon trap: reason=unstable_if action=reinterpret pc=0x0000000002ca3288 method=java.util.Arrays.equals([Ljava/lang/Object;[Ljava/lang/Object;)Z @ 23
Event: 2.219 Thread 0x00000000026ce800 Uncommon trap: reason=speculate_class_check action=maybe_recompile pc=0x0000000002cc8f8c method=com.android.dx.util.FixedSizeList.equals(Ljava/lang/Object;)Z @ 25
Event: 2.219 Thread 0x00000000026ce800 Uncommon trap: reason=speculate_class_check action=maybe_recompile pc=0x0000000002cc8f8c method=com.android.dx.util.FixedSizeList.equals(Ljava/lang/Object;)Z @ 25
Event: 2.219 Thread 0x00000000026ce800 Uncommon trap: reason=speculate_class_check action=maybe_recompile pc=0x0000000002cc8f8c method=com.android.dx.util.FixedSizeList.equals(Ljava/lang/Object;)Z @ 25

Internal exceptions (3 events):
Event: 0.184 Thread 0x00000000026ce800 Exception <a 'java/lang/NoSuchMethodError': Method sun.misc.Unsafe.defineClass(Ljava/lang/String;[BII)Ljava/lang/Class; name or signature does not match> (0x00000000eab07cc0) thrown at [C:\re\workspace\8-2-build-windows-amd64-cygwin\jdk8u91\6644\hotspot\sr¶Š”cù´Ç?
Event: 0.185 Thread 0x00000000026ce800 Exception <a 'java/lang/NoSuchMethodError': Method sun.misc.Unsafe.prefetchRead(Ljava/lang/Object;J)V name or signature does not match> (0x00000000eab07fa8) thrown at [C:\re\workspace\8-2-build-windows-amd64-cygwin\jdk8u91\6644\hotspot\src\share\vm\prims\j –€MÇõ?
Event: 1.361 Thread 0x0000000016a97000 Implicit null exception at 0x0000000002bc6192 to 0x0000000002bc628a

Events (10 events):
Event: 2.216 loading class com/android/dx/util/ByteArrayAnnotatedOutput done
Event: 2.219 Thread 0x00000000026ce800 Uncommon trap: trap_request=0xffffff76 fr.pc=0x0000000002cc8f8c
Event: 2.219 Thread 0x00000000026ce800 DEOPT PACKING pc=0x0000000002cc8f8c sp=0x000000000295e980
Event: 2.219 Thread 0x00000000026ce800 DEOPT UNPACKING pc=0x00000000029a582a sp=0x000000000295e930 mode 2
Event: 2.219 Thread 0x00000000026ce800 Uncommon trap: trap_request=0xffffff76 fr.pc=0x0000000002cc8f8c
Event: 2.219 Thread 0x00000000026ce800 DEOPT PACKING pc=0x0000000002cc8f8c sp=0x000000000295e980
Event: 2.219 Thread 0x00000000026ce800 DEOPT UNPACKING pc=0x00000000029a582a sp=0x000000000295e930 mode 2
Event: 2.219 Thread 0x00000000026ce800 Uncommon trap: trap_request=0xffffff76 fr.pc=0x0000000002cc8f8c
Event: 2.219 Thread 0x00000000026ce800 DEOPT PACKING pc=0x0000000002cc8f8c sp=0x000000000295e980
Event: 2.219 Thread 0x00000000026ce800 DEOPT UNPACKING pc=0x00000000029a582a sp=0x000000000295e930 mode 2


Dynamic libraries:
0x000000013f790000 - 0x000000013f7c7000 	D:\jdk1.8.0_91\bin\java.exe
0x0000000077780000 - 0x000000007792a000 	C:\Windows\SYSTEM32\ntdll.dll
0x0000000077560000 - 0x000000007767f000 	C:\Windows\system32\kernel32.dll
0x000007fefd790000 - 0x000007fefd7fa000 	C:\Windows\system32\KERNELBASE.dll
0x000007fefe420000 - 0x000007fefe4fb000 	C:\Windows\system32\ADVAPI32.dll
0x000007fefe170000 - 0x000007fefe20f000 	C:\Windows\system32\msvcrt.dll
0x000007fefddc0000 - 0x000007fefdddf000 	C:\Windows\SYSTEM32\sechost.dll
0x000007fefe500000 - 0x000007fefe62d000 	C:\Windows\system32\RPCRT4.dll
0x0000000077680000 - 0x000000007777a000 	C:\Windows\system32\USER32.dll
0x000007fefde70000 - 0x000007fefded7000 	C:\Windows\system32\GDI32.dll
0x000007fefec10000 - 0x000007fefec1e000 	C:\Windows\system32\LPK.dll
0x000007fefda90000 - 0x000007fefdb5a000 	C:\Windows\system32\USP10.dll
0x000007fefbe60000 - 0x000007fefc054000 	C:\Windows\WinSxS\amd64_microsoft.windows.common-controls_6595b64144ccf1df_6.0.7601.18837_none_fa3b1e3d17594757\COMCTL32.dll
0x000007fefdde0000 - 0x000007fefde51000 	C:\Windows\system32\SHLWAPI.dll
0x000007fefe630000 - 0x000007fefe65e000 	C:\Windows\system32\IMM32.DLL
0x000007fefdee0000 - 0x000007fefdfe9000 	C:\Windows\system32\MSCTF.dll
0x000007fefd640000 - 0x000007fefd671000 	C:\Windows\system32\nvinitx.dll
0x000007fefd630000 - 0x000007fefd63c000 	C:\Windows\system32\VERSION.dll
0x0000000075080000 - 0x0000000075086000 	C:\Program Files\NVIDIA Corporation\CoProcManager\detoured.dll
0x000007fefacd0000 - 0x000007fefad02000 	C:\Program Files\NVIDIA Corporation\CoProcManager\nvd3d9wrapx.dll
0x000007fefea30000 - 0x000007fefec07000 	C:\Windows\system32\SETUPAPI.dll
0x000007fefd730000 - 0x000007fefd766000 	C:\Windows\system32\CFGMGR32.dll
0x000007feff9b0000 - 0x000007feffa8a000 	C:\Windows\system32\OLEAUT32.dll
0x000007fefe210000 - 0x000007fefe413000 	C:\Windows\system32\ole32.dll
0x000007fefd770000 - 0x000007fefd78a000 	C:\Windows\system32\DEVOBJ.dll
0x000007fefabf0000 - 0x000007fefac12000 	C:\Program Files\NVIDIA Corporation\CoProcManager\nvdxgiwrapx.dll
0x0000000078dc0000 - 0x0000000078e92000 	D:\jdk1.8.0_91\jre\bin\msvcr100.dll
0x0000000070060000 - 0x00000000708f3000 	D:\jdk1.8.0_91\jre\bin\server\jvm.dll
0x000007fef78e0000 - 0x000007fef78e9000 	C:\Windows\system32\WSOCK32.dll
0x000007fefe120000 - 0x000007fefe16d000 	C:\Windows\system32\WS2_32.dll
0x000007fefde60000 - 0x000007fefde68000 	C:\Windows\system32\NSI.dll
0x000007fefb6f0000 - 0x000007fefb72b000 	C:\Windows\system32\WINMM.dll
0x0000000077940000 - 0x0000000077947000 	C:\Windows\system32\PSAPI.DLL
0x000000006e110000 - 0x000000006e11f000 	D:\jdk1.8.0_91\jre\bin\verify.dll
0x00000000517a0000 - 0x00000000517c9000 	D:\jdk1.8.0_91\jre\bin\java.dll
0x000000006e0f0000 - 0x000000006e106000 	D:\jdk1.8.0_91\jre\bin\zip.dll
0x000007fefec20000 - 0x000007feff9a9000 	C:\Windows\system32\SHELL32.dll
0x000007fefd680000 - 0x000007fefd68f000 	C:\Windows\system32\profapi.dll

VM Arguments:
jvm_args: -Djava.awt.headless=true -Xmx1024M -Dfile.encoding=GBK -Duser.country=CN -Duser.language=zh -Duser.variant 
java_command: com.android.dx.command.Main --dex --num-threads=4 --output C:\Users\Administrator\Helloworld\mapdev\build\intermediates\pre-dexed\debug\com.android.support-support-vector-drawable-23.2.0_0785faad3994b5aace700aa9474a7730391d9a96.jar C:\Users\Administrator\Helloworld\mapdev\build\intermediates\exploded-aar\com.android.support\support-vector-drawable\23.2.0\jars\classes.jar
java_class_path (initial): D:\Android\sdk\build-tools\23.0.2\lib\dx.jar
Launcher Type: SUN_STANDARD

Environment Variables:
JAVA_HOME=D:\jdk1.8.0_91
CLASSPATH=.;D:\jdk1.8.0_91\lib;
PATH=D:\jdk1.8.0_91\bin;C:\Program Files\doxygen\bin;C:\Program Files\TortoiseSVN\bin;C:\Windows\system32;C:\Windows;C:\Windows\system32\wbem;C:\Program Files\nodejs\;C:\Program Files\Intel\WiFi\bin\;C:\Program Files\Common Files\Intel\WirelessCommon\;C:\Users\Administrator\AppData\Roaming\npm
USERNAME=Administrator
OS=Windows_NT
PROCESSOR_IDENTIFIER=Intel64 Family 6 Model 94 Stepping 3, GenuineIntel



---------------  S Y S T E M  ---------------

OS: Windows 7 , 64 bit Build 7601 (6.1.7601.23539)

CPU:total 8 (4 cores per cpu, 2 threads per core) family 6 model 94 stepping 3, cmov, cx8, fxsr, mmx, sse, sse2, sse3, ssse3, sse4.1, sse4.2, popcnt, avx, avx2, aes, clmul, erms, rtm, 3dnowpref, lzcnt, ht, tsc, tscinvbit, bmi1, bmi2, adx

Memory: 4k page, physical 8258516k(1074948k free), swap 10353808k(5128k free)

vm_info: Java HotSpot(TM) 64-Bit Server VM (25.91-b14) for windows-amd64 JRE (1.8.0_91-b14), built on Apr  1 2016 00:58:32 by "java_re" with MS VC++ 10.0 (VS2010)

time: Tue Nov 08 23:34:02 2016
elapsed time: 2 seconds (0d 0h 0m 2s)

