#
# There is insufficient memory for the Java Runtime Environment to continue.
# Native memory allocation (malloc) failed to allocate 3528 bytes for AllocateHeap
# Possible reasons:
#   The system is out of physical RAM or swap space
#   In 32 bit mode, the process size limit was hit
# Possible solutions:
#   Reduce memory load on the system
#   Increase physical memory or swap space
#   Check if swap backing store is full
#   Use 64 bit Java on a 64 bit OS
#   Decrease Java heap size (-Xmx/-Xms)
#   Decrease number of Java threads
#   Decrease Java thread stack sizes (-Xss)
#   Set larger code cache with -XX:ReservedCodeCacheSize=
# This output file may be truncated or incomplete.
#
#  Out of Memory Error (memory/allocation.inline.hpp:61), pid=12588, tid=13412
#
# JRE version: Java(TM) SE Runtime Environment (8.0_91-b14) (build 1.8.0_91-b14)
# Java VM: Java HotSpot(TM) 64-Bit Server VM (25.91-b14 mixed mode windows-amd64 compressed oops)
# Failed to write core dump. Minidumps are not enabled by default on client versions of Windows
#

---------------  T H R E A D  ---------------

Current thread (0x00000000168cc800):  JavaThread "C1 CompilerThread3" daemon [_thread_in_vm, id=13412, stack(0x0000000017c00000,0x0000000017d00000)]

Stack: [0x0000000017c00000,0x0000000017d00000]
[error occurred during error reporting (printing stack bounds), id 0xc0000005]

Native frames: (J=compiled Java code, j=interpreted, Vv=VM code, C=native code)


Current CompileTask:
C1:   2620 1104       3       com.android.dx.dex.code.RopTranslator::pickOrder (400 bytes)


---------------  P R O C E S S  ---------------

Java Threads: ( => current thread )
  0x0000000016b27800 JavaThread "pool-1-thread-4" [_thread_blocked, id=14188, stack(0x00000000195d0000,0x00000000196d0000)]
  0x0000000016b41000 JavaThread "pool-1-thread-3" [_thread_blocked, id=13644, stack(0x0000000018050000,0x0000000018150000)]
  0x0000000016b40000 JavaThread "pool-1-thread-2" [_thread_in_Java, id=14328, stack(0x0000000019420000,0x0000000019520000)]
  0x0000000016b3d000 JavaThread "pool-2-thread-1" [_thread_blocked, id=13168, stack(0x0000000019290000,0x0000000019390000)]
  0x0000000016b08800 JavaThread "pool-1-thread-1" [_thread_blocked, id=11912, stack(0x0000000019090000,0x0000000019190000)]
  0x00000000168fa000 JavaThread "Service Thread" daemon [_thread_blocked, id=11872, stack(0x0000000018700000,0x0000000018800000)]
=>0x00000000168cc800 JavaThread "C1 CompilerThread3" daemon [_thread_in_vm, id=13412, stack(0x0000000017c00000,0x0000000017d00000)]
  0x000000001689f800 JavaThread "C2 CompilerThread2" daemon [_thread_blocked, id=3972, stack(0x0000000018490000,0x0000000018590000)]
  0x0000000016861000 JavaThread "C2 CompilerThread1" daemon [_thread_in_vm, id=3940, stack(0x0000000018310000,0x0000000018410000)]
  0x0000000016857000 JavaThread "C2 CompilerThread0" daemon [_thread_blocked, id=11832, stack(0x0000000018150000,0x0000000018250000)]
  0x0000000016855800 JavaThread "Attach Listener" daemon [_thread_blocked, id=13780, stack(0x0000000017f20000,0x0000000018020000)]
  0x0000000016854800 JavaThread "Signal Dispatcher" daemon [_thread_blocked, id=14120, stack(0x0000000017d30000,0x0000000017e30000)]
  0x0000000015790800 JavaThread "Finalizer" daemon [_thread_blocked, id=3492, stack(0x0000000017770000,0x0000000017870000)]
  0x000000001578a800 JavaThread "Reference Handler" daemon [_thread_blocked, id=13864, stack(0x0000000017af0000,0x0000000017bf0000)]
  0x000000000253e800 JavaThread "main" [_thread_blocked, id=12904, stack(0x00000000028e0000,0x00000000029e0000)]

Other Threads:
  0x00000000167f2000 VMThread [stack: 0x0000000017930000,0x0000000017a30000] [id=12664]
  0x0000000016941800 WatcherThread [stack: 0x00000000185a0000,0x00000000186a0000] [id=9304]

VM state:not at safepoint (normal execution)

VM Mutex/Monitor currently owned by a thread:  ([mutex/lock_event])
[0x000000000253b420] CodeCache_lock - owner thread: 0x00000000168cc800
[0x000000000253cad0] Compile_lock - owner thread: 0x00000000168cc800
[0x000000000253cbd0] MethodCompileQueue_lock - owner thread: 0x00000000168cc800

Heap:
 PSYoungGen      total 38400K, used 8232K [0x00000000eab00000, 0x00000000ed580000, 0x0000000100000000)
  eden space 33280K, 9% used [0x00000000eab00000,0x00000000eae0fce8,0x00000000ecb80000)
  from space 5120K, 99% used [0x00000000ecb80000,0x00000000ed07a3c0,0x00000000ed080000)
  to   space 5120K, 0% used [0x00000000ed080000,0x00000000ed080000,0x00000000ed580000)
 ParOldGen       total 87552K, used 1012K [0x00000000c0000000, 0x00000000c5580000, 0x00000000eab00000)
  object space 87552K, 1% used [0x00000000c0000000,0x00000000c00fd270,0x00000000c5580000)
 Metaspace       used 6013K, capacity 6900K, committed 7040K, reserved 1056768K
  class space    used 601K, capacity 620K, committed 640K, reserved 1048576K

Card table byte_map: [0x0000000011da0000,0x0000000011fb0000] byte_map_base: 0x00000000117a0000

Marking Bits: (ParMarkBitMap*) 0x0000000070872f70
 Begin Bits: [0x0000000012ba0000, 0x0000000013ba0000)
 End Bits:   [0x0000000013ba0000, 0x0000000014ba0000)

Polling page: 0x0000000000140000

CodeCache: size=245760Kb used=4442Kb max_used=4442Kb free=241317Kb
 bounds [0x00000000029e0000, 0x0000000002e40000, 0x00000000119e0000]
 total_blobs=1376 nmethods=1104 adapters=184
 compilation: enabled

Compilation events (10 events):
Event: 2.607 Thread 0x00000000168cc800 nmethod 1131 0x0000000002e23b90 code [0x0000000002e23d80, 0x0000000002e24928]
Event: 2.607 Thread 0x00000000168cc800 1102       3       com.android.dx.ssa.SsaMethod::forEachBlockDepthFirstDom (128 bytes)
Event: 2.608 Thread 0x0000000016857000 nmethod 1129 0x0000000002e20910 code [0x0000000002e20a60, 0x0000000002e20c18]
Event: 2.608 Thread 0x0000000016857000 1135       4       java.util.HashMap::putVal (300 bytes)
Event: 2.609 Thread 0x0000000016861000 nmethod 1121 0x0000000002e1ef10 code [0x0000000002e1f060, 0x0000000002e1f278]
Event: 2.609 Thread 0x00000000168cc800 nmethod 1102 0x0000000002e37050 code [0x0000000002e373a0, 0x0000000002e393f8]
Event: 2.609 Thread 0x0000000016861000 1105       4       com.android.dx.rop.code.BasicBlockList$RegCountVisitor::visitPlainInsn (6 bytes)
Event: 2.609 Thread 0x00000000168cc800 1104       3       com.android.dx.dex.code.RopTranslator::pickOrder (400 bytes)
Event: 2.610 Thread 0x000000001689f800 nmethod 1099 0x0000000002e21bd0 code [0x0000000002e21d20, 0x0000000002e21f78]
Event: 2.611 Thread 0x000000001689f800 1140       4       com.android.dx.ssa.SsaMethod::forEachInsn (36 bytes)

GC Heap History (2 events):
Event: 2.209 GC heap before
{Heap before GC invocations=1 (full 0):
 PSYoungGen      total 38400K, used 33280K [0x00000000eab00000, 0x00000000ed580000, 0x0000000100000000)
  eden space 33280K, 100% used [0x00000000eab00000,0x00000000ecb80000,0x00000000ecb80000)
  from space 5120K, 0% used [0x00000000ed080000,0x00000000ed080000,0x00000000ed580000)
  to   space 5120K, 0% used [0x00000000ecb80000,0x00000000ecb80000,0x00000000ed080000)
 ParOldGen       total 87552K, used 0K [0x00000000c0000000, 0x00000000c5580000, 0x00000000eab00000)
  object space 87552K, 0% used [0x00000000c0000000,0x00000000c0000000,0x00000000c5580000)
 Metaspace       used 5979K, capacity 6836K, committed 7040K, reserved 1056768K
  class space    used 600K, capacity 620K, committed 640K, reserved 1048576K
Event: 2.600 GC heap after
Heap after GC invocations=1 (full 0):
 PSYoungGen      total 38400K, used 5096K [0x00000000eab00000, 0x00000000ed580000, 0x0000000100000000)
  eden space 33280K, 0% used [0x00000000eab00000,0x00000000eab00000,0x00000000ecb80000)
  from space 5120K, 99% used [0x00000000ecb80000,0x00000000ed07a3c0,0x00000000ed080000)
  to   space 5120K, 0% used [0x00000000ed080000,0x00000000ed080000,0x00000000ed580000)
 ParOldGen       total 87552K, used 1012K [0x00000000c0000000, 0x00000000c5580000, 0x00000000eab00000)
  object space 87552K, 1% used [0x00000000c0000000,0x00000000c00fd270,0x00000000c5580000)
 Metaspace       used 5979K, capacity 6836K, committed 7040K, reserved 1056768K
  class space    used 600K, capacity 620K, committed 640K, reserved 1048576K
}

Deoptimization events (6 events):
Event: 1.083 Thread 0x000000000253e800 Uncommon trap: reason=unstable_if action=reinterpret pc=0x0000000002c25078 method=java.util.HashMap.getNode(ILjava/lang/Object;)Ljava/util/HashMap$Node; @ 129
Event: 1.149 Thread 0x000000000253e800 Uncommon trap: reason=unstable_if action=reinterpret pc=0x0000000002c1e220 method=java.util.BitSet.nextSetBit(I)I @ 87
Event: 1.290 Thread 0x000000000253e800 Uncommon trap: reason=class_check action=maybe_recompile pc=0x0000000002ce0d58 method=com.android.dx.ssa.NormalSsaInsn.accept(Lcom/android/dx/ssa/SsaInsn$Visitor;)V @ 9
Event: 1.290 Thread 0x000000000253e800 Uncommon trap: reason=class_check action=maybe_recompile pc=0x0000000002ce0d58 method=com.android.dx.ssa.NormalSsaInsn.accept(Lcom/android/dx/ssa/SsaInsn$Visitor;)V @ 9
Event: 1.292 Thread 0x0000000016b40000 Uncommon trap: reason=null_check action=make_not_entrant pc=0x0000000002ce149c method=com.android.dx.ssa.SsaRenamer.getLocalForNewReg(I)Lcom/android/dx/rop/code/LocalItem; @ 19
Event: 2.043 Thread 0x000000000253e800 Uncommon trap: reason=unstable_if action=reinterpret pc=0x0000000002b51698 method=java.lang.String.startsWith(Ljava/lang/String;I)Z @ 25

Internal exceptions (3 events):
Event: 0.083 Thread 0x000000000253e800 Exception <a 'java/lang/NoSuchMethodError': Method sun.misc.Unsafe.defineClass(Ljava/lang/String;[BII)Ljava/lang/Class; name or signature does not match> (0x00000000eab07cc0) thrown at [C:\re\workspace\8-2-build-windows-amd64-cygwin\jdk8u91\6644\hotspot\srŽÆ5Œl3µ?
Event: 0.083 Thread 0x000000000253e800 Exception <a 'java/lang/NoSuchMethodError': Method sun.misc.Unsafe.prefetchRead(Ljava/lang/Object;J)V name or signature does not match> (0x00000000eab07fa8) thrown at [C:\re\workspace\8-2-build-windows-amd64-cygwin\jdk8u91\6644\hotspot\src\share\vm\prims\jˆ:¢N«ô?
Event: 1.292 Thread 0x0000000016b40000 Implicit null exception at 0x0000000002cdf539 to 0x0000000002ce1475

Events (10 events):
Event: 1.292 Thread 0x0000000016b40000 DEOPT UNPACKING pc=0x0000000002a2582a sp=0x000000001951e588 mode 2
Event: 1.302 loading class java/util/ArrayList$1
Event: 1.302 loading class java/util/ArrayList$1 done
Event: 2.043 Thread 0x000000000253e800 Uncommon trap: trap_request=0xffffff65 fr.pc=0x0000000002b51698
Event: 2.043 Thread 0x000000000253e800 DEOPT PACKING pc=0x0000000002b51698 sp=0x00000000029deb70
Event: 2.043 Thread 0x000000000253e800 DEOPT UNPACKING pc=0x0000000002a2582a sp=0x00000000029deae8 mode 2
Event: 2.054 Executing VM operation: ForceSafepoint
Event: 2.135 Executing VM operation: ForceSafepoint done
Event: 2.209 Executing VM operation: ParallelGCFailedAllocation
Event: 2.600 Executing VM operation: ParallelGCFailedAllocation done


Dynamic libraries:
0x000000013f790000 - 0x000000013f7c7000 	D:\jdk1.8.0_91\bin\java.exe
0x0000000077780000 - 0x000000007792a000 	C:\Windows\SYSTEM32\ntdll.dll
0x0000000077560000 - 0x000000007767f000 	C:\Windows\system32\kernel32.dll
0x000007fefd790000 - 0x000007fefd7fa000 	C:\Windows\system32\KERNELBASE.dll
0x000007fefe420000 - 0x000007fefe4fb000 	C:\Windows\system32\ADVAPI32.dll
0x000007fefe170000 - 0x000007fefe20f000 	C:\Windows\system32\msvcrt.dll
0x000007fefddc0000 - 0x000007fefdddf000 	C:\Windows\SYSTEM32\sechost.dll
0x000007fefe500000 - 0x000007fefe62d000 	C:\Windows\system32\RPCRT4.dll
0x0000000077680000 - 0x000000007777a000 	C:\Windows\system32\USER32.dll
0x000007fefde70000 - 0x000007fefded7000 	C:\Windows\system32\GDI32.dll
0x000007fefec10000 - 0x000007fefec1e000 	C:\Windows\system32\LPK.dll
0x000007fefda90000 - 0x000007fefdb5a000 	C:\Windows\system32\USP10.dll
0x000007fefbe60000 - 0x000007fefc054000 	C:\Windows\WinSxS\amd64_microsoft.windows.common-controls_6595b64144ccf1df_6.0.7601.18837_none_fa3b1e3d17594757\COMCTL32.dll
0x000007fefdde0000 - 0x000007fefde51000 	C:\Windows\system32\SHLWAPI.dll
0x000007fefe630000 - 0x000007fefe65e000 	C:\Windows\system32\IMM32.DLL
0x000007fefdee0000 - 0x000007fefdfe9000 	C:\Windows\system32\MSCTF.dll
0x000007fefd640000 - 0x000007fefd671000 	C:\Windows\system32\nvinitx.dll
0x000007fefd630000 - 0x000007fefd63c000 	C:\Windows\system32\VERSION.dll
0x0000000075080000 - 0x0000000075086000 	C:\Program Files\NVIDIA Corporation\CoProcManager\detoured.dll
0x000007fefacd0000 - 0x000007fefad02000 	C:\Program Files\NVIDIA Corporation\CoProcManager\nvd3d9wrapx.dll
0x000007fefea30000 - 0x000007fefec07000 	C:\Windows\system32\SETUPAPI.dll
0x000007fefd730000 - 0x000007fefd766000 	C:\Windows\system32\CFGMGR32.dll
0x000007feff9b0000 - 0x000007feffa8a000 	C:\Windows\system32\OLEAUT32.dll
0x000007fefe210000 - 0x000007fefe413000 	C:\Windows\system32\ole32.dll
0x000007fefd770000 - 0x000007fefd78a000 	C:\Windows\system32\DEVOBJ.dll
0x000007fefabf0000 - 0x000007fefac12000 	C:\Program Files\NVIDIA Corporation\CoProcManager\nvdxgiwrapx.dll
0x0000000078dc0000 - 0x0000000078e92000 	D:\jdk1.8.0_91\jre\bin\msvcr100.dll
0x0000000070060000 - 0x00000000708f3000 	D:\jdk1.8.0_91\jre\bin\server\jvm.dll
0x000007fef78e0000 - 0x000007fef78e9000 	C:\Windows\system32\WSOCK32.dll
0x000007fefe120000 - 0x000007fefe16d000 	C:\Windows\system32\WS2_32.dll
0x000007fefde60000 - 0x000007fefde68000 	C:\Windows\system32\NSI.dll
0x000007fefb6f0000 - 0x000007fefb72b000 	C:\Windows\system32\WINMM.dll
0x0000000077940000 - 0x0000000077947000 	C:\Windows\system32\PSAPI.DLL
0x000000006e110000 - 0x000000006e11f000 	D:\jdk1.8.0_91\jre\bin\verify.dll
0x00000000517a0000 - 0x00000000517c9000 	D:\jdk1.8.0_91\jre\bin\java.dll
0x000000006e0f0000 - 0x000000006e106000 	D:\jdk1.8.0_91\jre\bin\zip.dll
0x000007fefec20000 - 0x000007feff9a9000 	C:\Windows\system32\SHELL32.dll
0x000007fefd680000 - 0x000007fefd68f000 	C:\Windows\system32\profapi.dll

VM Arguments:
jvm_args: -Djava.awt.headless=true -Xmx1024M -Dfile.encoding=GBK -Duser.country=CN -Duser.language=zh -Duser.variant 
java_command: com.android.dx.command.Main --dex --num-threads=4 --output C:\Users\Administrator\Helloworld\mapdev\build\intermediates\pre-dexed\debug\junit-4.12_69f55cfe092e5efc374008820034c029a4afa5ce.jar C:\Users\Administrator\Helloworld\mapdev\libs\junit-4.12.jar
java_class_path (initial): D:\Android\sdk\build-tools\23.0.2\lib\dx.jar
Launcher Type: SUN_STANDARD

Environment Variables:
JAVA_HOME=D:\jdk1.8.0_91
CLASSPATH=.;D:\jdk1.8.0_91\lib;
PATH=D:\jdk1.8.0_91\bin;C:\Program Files\doxygen\bin;C:\Program Files\TortoiseSVN\bin;C:\Windows\system32;C:\Windows;C:\Windows\system32\wbem;C:\Program Files\nodejs\;C:\Program Files\Intel\WiFi\bin\;C:\Program Files\Common Files\Intel\WirelessCommon\;C:\Users\Administrator\AppData\Roaming\npm
USERNAME=Administrator
OS=Windows_NT
PROCESSOR_IDENTIFIER=Intel64 Family 6 Model 94 Stepping 3, GenuineIntel



---------------  S Y S T E M  ---------------

OS: Windows 7 , 64 bit Build 7601 (6.1.7601.23539)

CPU:total 8 (4 cores per cpu, 2 threads per core) family 6 model 94 stepping 3, cmov, cx8, fxsr, mmx, sse, sse2, sse3, ssse3, sse4.1, sse4.2, popcnt, avx, avx2, aes, clmul, erms, rtm, 3dnowpref, lzcnt, ht, tsc, tscinvbit, bmi1, bmi2, adx

Memory: 4k page, physical 8258516k(1078136k free), swap 10353808k(5196k free)

vm_info: Java HotSpot(TM) 64-Bit Server VM (25.91-b14) for windows-amd64 JRE (1.8.0_91-b14), built on Apr  1 2016 00:58:32 by "java_re" with MS VC++ 10.0 (VS2010)

time: Tue Nov 08 23:34:02 2016
elapsed time: 2 seconds (0d 0h 0m 2s)

