#
# There is insufficient memory for the Java Runtime Environment to continue.
# Native memory allocation (malloc) failed to allocate 1048576 bytes for AllocateHeap
# Possible reasons:
#   The system is out of physical RAM or swap space
#   In 32 bit mode, the process size limit was hit
# Possible solutions:
#   Reduce memory load on the system
#   Increase physical memory or swap space
#   Check if swap backing store is full
#   Use 64 bit Java on a 64 bit OS
#   Decrease Java heap size (-Xmx/-Xms)
#   Decrease number of Java threads
#   Decrease Java thread stack sizes (-Xss)
#   Set larger code cache with -XX:ReservedCodeCacheSize=
# This output file may be truncated or incomplete.
#
#  Out of Memory Error (memory/allocation.inline.hpp:61), pid=13688, tid=14160
#
# JRE version:  (8.0_91-b14) (build )
# Java VM: Java HotSpot(TM) 64-Bit Server VM (25.91-b14 mixed mode windows-amd64 compressed oops)
# Failed to write core dump. Minidumps are not enabled by default on client versions of Windows
#

---------------  T H R E A D  ---------------

Current thread (0x000000000213e800):  JavaThread "Unknown thread" [_thread_in_vm, id=14160, stack(0x0000000002850000,0x0000000002950000)]

Stack: [0x0000000002850000,0x0000000002950000]
[error occurred during error reporting (printing stack bounds), id 0xc0000005]

Native frames: (J=compiled Java code, j=interpreted, Vv=VM code, C=native code)


---------------  P R O C E S S  ---------------

Java Threads: ( => current thread )

Other Threads:

=>0x000000000213e800 (exited) JavaThread "Unknown thread" [_thread_in_vm, id=14160, stack(0x0000000002850000,0x0000000002950000)]

VM state:not at safepoint (normal execution)

VM Mutex/Monitor currently owned by a thread: None

Heap:
 PSYoungGen      total 38400K, used 665K [0x00000000eab00000, 0x00000000ed580000, 0x0000000100000000)
  eden space 33280K, 2% used [0x00000000eab00000,0x00000000eaba6670,0x00000000ecb80000)
  from space 5120K, 0% used [0x00000000ed080000,0x00000000ed080000,0x00000000ed580000)
  to   space 5120K, 0% used [0x00000000ecb80000,0x00000000ecb80000,0x00000000ed080000)
 ParOldGen       total 87552K, used 0K [0x00000000c0000000, 0x00000000c5580000, 0x00000000eab00000)
  object space 87552K, 0% used [0x00000000c0000000,0x00000000c0000000,0x00000000c5580000)
 Metaspace       used 769K, capacity 4480K, committed 4480K, reserved 1056768K
  class space    used 75K, capacity 384K, committed 384K, reserved 1048576K

Card table byte_map: [0x0000000011d10000,0x0000000011f20000] byte_map_base: 0x0000000011710000

Marking Bits: (ParMarkBitMap*) 0x0000000070872f70
 Begin Bits: [0x0000000012ac0000, 0x0000000013ac0000)
 End Bits:   [0x0000000013ac0000, 0x0000000014ac0000)

Polling page: 0x0000000000240000

CodeCache: size=245760Kb used=328Kb max_used=328Kb free=245431Kb
 bounds [0x0000000002950000, 0x0000000002bc0000, 0x0000000011950000]
 total_blobs=58 nmethods=0 adapters=38
 compilation: enabled

Compilation events (0 events):
No events

GC Heap History (0 events):
No events

Deoptimization events (0 events):
No events

Internal exceptions (0 events):
No events

Events (10 events):
Event: 0.179 loading class java/lang/Short
Event: 0.179 loading class java/lang/Short done
Event: 0.179 loading class java/lang/Integer
Event: 0.180 loading class java/lang/Integer done
Event: 0.180 loading class java/lang/Long
Event: 0.180 loading class java/lang/Long done
Event: 0.181 loading class java/lang/NullPointerException
Event: 0.181 loading class java/lang/NullPointerException done
Event: 0.181 loading class java/lang/ArithmeticException
Event: 0.181 loading class java/lang/ArithmeticException done


Dynamic libraries:
0x000000013f790000 - 0x000000013f7c7000 	D:\jdk1.8.0_91\bin\java.exe
0x0000000077780000 - 0x000000007792a000 	C:\Windows\SYSTEM32\ntdll.dll
0x0000000077560000 - 0x000000007767f000 	C:\Windows\system32\kernel32.dll
0x000007fefd790000 - 0x000007fefd7fa000 	C:\Windows\system32\KERNELBASE.dll
0x000007fefe420000 - 0x000007fefe4fb000 	C:\Windows\system32\ADVAPI32.dll
0x000007fefe170000 - 0x000007fefe20f000 	C:\Windows\system32\msvcrt.dll
0x000007fefddc0000 - 0x000007fefdddf000 	C:\Windows\SYSTEM32\sechost.dll
0x000007fefe500000 - 0x000007fefe62d000 	C:\Windows\system32\RPCRT4.dll
0x0000000077680000 - 0x000000007777a000 	C:\Windows\system32\USER32.dll
0x000007fefde70000 - 0x000007fefded7000 	C:\Windows\system32\GDI32.dll
0x000007fefec10000 - 0x000007fefec1e000 	C:\Windows\system32\LPK.dll
0x000007fefda90000 - 0x000007fefdb5a000 	C:\Windows\system32\USP10.dll
0x000007fefbe60000 - 0x000007fefc054000 	C:\Windows\WinSxS\amd64_microsoft.windows.common-controls_6595b64144ccf1df_6.0.7601.18837_none_fa3b1e3d17594757\COMCTL32.dll
0x000007fefdde0000 - 0x000007fefde51000 	C:\Windows\system32\SHLWAPI.dll
0x000007fefe630000 - 0x000007fefe65e000 	C:\Windows\system32\IMM32.DLL
0x000007fefdee0000 - 0x000007fefdfe9000 	C:\Windows\system32\MSCTF.dll
0x000007fefd640000 - 0x000007fefd671000 	C:\Windows\system32\nvinitx.dll
0x000007fefd630000 - 0x000007fefd63c000 	C:\Windows\system32\VERSION.dll
0x0000000075080000 - 0x0000000075086000 	C:\Program Files\NVIDIA Corporation\CoProcManager\detoured.dll
0x000007fefacd0000 - 0x000007fefad02000 	C:\Program Files\NVIDIA Corporation\CoProcManager\nvd3d9wrapx.dll
0x000007fefea30000 - 0x000007fefec07000 	C:\Windows\system32\SETUPAPI.dll
0x000007fefd730000 - 0x000007fefd766000 	C:\Windows\system32\CFGMGR32.dll
0x000007feff9b0000 - 0x000007feffa8a000 	C:\Windows\system32\OLEAUT32.dll
0x000007fefe210000 - 0x000007fefe413000 	C:\Windows\system32\ole32.dll
0x000007fefd770000 - 0x000007fefd78a000 	C:\Windows\system32\DEVOBJ.dll
0x000007fefabf0000 - 0x000007fefac12000 	C:\Program Files\NVIDIA Corporation\CoProcManager\nvdxgiwrapx.dll
0x0000000078dc0000 - 0x0000000078e92000 	D:\jdk1.8.0_91\jre\bin\msvcr100.dll
0x0000000070060000 - 0x00000000708f3000 	D:\jdk1.8.0_91\jre\bin\server\jvm.dll
0x000007fef78e0000 - 0x000007fef78e9000 	C:\Windows\system32\WSOCK32.dll
0x000007fefe120000 - 0x000007fefe16d000 	C:\Windows\system32\WS2_32.dll
0x000007fefde60000 - 0x000007fefde68000 	C:\Windows\system32\NSI.dll
0x000007fefb6f0000 - 0x000007fefb72b000 	C:\Windows\system32\WINMM.dll
0x0000000077940000 - 0x0000000077947000 	C:\Windows\system32\PSAPI.DLL
0x000000006e110000 - 0x000000006e11f000 	D:\jdk1.8.0_91\jre\bin\verify.dll
0x00000000517a0000 - 0x00000000517c9000 	D:\jdk1.8.0_91\jre\bin\java.dll
0x000000006e0f0000 - 0x000000006e106000 	D:\jdk1.8.0_91\jre\bin\zip.dll

VM Arguments:
jvm_args: -Djava.awt.headless=true -Xmx1024M -Dfile.encoding=GBK -Duser.country=CN -Duser.language=zh -Duser.variant 
java_command: com.android.dx.command.Main --dex --num-threads=4 --output C:\Users\Administrator\Helloworld\mapdev\build\intermediates\pre-dexed\debug\com.android.support-palette-v7-23.2.0_fcaa5005ab03f7d0bfaae7c862d896c2bac16fa8.jar C:\Users\Administrator\Helloworld\mapdev\build\intermediates\exploded-aar\com.android.support\palette-v7\23.2.0\jars\classes.jar
java_class_path (initial): D:\Android\sdk\build-tools\23.0.2\lib\dx.jar
Launcher Type: SUN_STANDARD

Environment Variables:
JAVA_HOME=D:\jdk1.8.0_91
CLASSPATH=.;D:\jdk1.8.0_91\lib;
PATH=D:\jdk1.8.0_91\bin;C:\Program Files\doxygen\bin;C:\Program Files\TortoiseSVN\bin;C:\Windows\system32;C:\Windows;C:\Windows\system32\wbem;C:\Program Files\nodejs\;C:\Program Files\Intel\WiFi\bin\;C:\Program Files\Common Files\Intel\WirelessCommon\;C:\Users\Administrator\AppData\Roaming\npm
USERNAME=Administrator
OS=Windows_NT
PROCESSOR_IDENTIFIER=Intel64 Family 6 Model 94 Stepping 3, GenuineIntel



---------------  S Y S T E M  ---------------

OS: Windows 7 , 64 bit Build 7601 (6.1.7601.23539)

CPU:total 8 (4 cores per cpu, 2 threads per core) family 6 model 94 stepping 3, cmov, cx8, fxsr, mmx, sse, sse2, sse3, ssse3, sse4.1, sse4.2, popcnt, avx, avx2, aes, clmul, erms, rtm, 3dnowpref, lzcnt, ht, tsc, tscinvbit, bmi1, bmi2, adx

Memory: 4k page, physical 8258516k(1382688k free), swap 10353808k(137480k free)

vm_info: Java HotSpot(TM) 64-Bit Server VM (25.91-b14) for windows-amd64 JRE (1.8.0_91-b14), built on Apr  1 2016 00:58:32 by "java_re" with MS VC++ 10.0 (VS2010)

time: Tue Nov 08 23:31:21 2016
elapsed time: 0 seconds (0d 0h 0m 0s)

