#
# There is insufficient memory for the Java Runtime Environment to continue.
# Native memory allocation (malloc) failed to allocate 32744 bytes for ChunkPool::allocate
# Possible reasons:
#   The system is out of physical RAM or swap space
#   In 32 bit mode, the process size limit was hit
# Possible solutions:
#   Reduce memory load on the system
#   Increase physical memory or swap space
#   Check if swap backing store is full
#   Use 64 bit Java on a 64 bit OS
#   Decrease Java heap size (-Xmx/-Xms)
#   Decrease number of Java threads
#   Decrease Java thread stack sizes (-Xss)
#   Set larger code cache with -XX:ReservedCodeCacheSize=
# This output file may be truncated or incomplete.
#
#  Out of Memory Error (allocation.cpp:273), pid=9816, tid=8852
#
# JRE version: Java(TM) SE Runtime Environment (8.0_91-b14) (build 1.8.0_91-b14)
# Java VM: Java HotSpot(TM) 64-Bit Server VM (25.91-b14 mixed mode windows-amd64 compressed oops)
# Failed to write core dump. Minidumps are not enabled by default on client versions of Windows
#

---------------  T H R E A D  ---------------

Current thread (0x0000000016865000):  JavaThread "C2 CompilerThread2" daemon [_thread_in_native, id=8852, stack(0x0000000017ee0000,0x0000000017fe0000)]

Stack: [0x0000000017ee0000,0x0000000017fe0000]
[error occurred during error reporting (printing stack bounds), id 0xc0000005]

Native frames: (J=compiled Java code, j=interpreted, Vv=VM code, C=native code)


Current CompileTask:
C2:   2059 1058   !   4       com.android.dx.cf.code.BytecodeArray::parseInstruction (2764 bytes)


---------------  P R O C E S S  ---------------

Java Threads: ( => current thread )
  0x00000000169e0800 JavaThread "pool-1-thread-4" [_thread_blocked, id=13100, stack(0x0000000018d70000,0x0000000018e70000)]
  0x00000000169d8000 JavaThread "pool-1-thread-3" [_thread_in_Java, id=11768, stack(0x0000000018ae0000,0x0000000018be0000)]
  0x00000000169cb800 JavaThread "pool-1-thread-2" [_thread_in_Java, id=13424, stack(0x00000000189d0000,0x0000000018ad0000)]
  0x00000000169c9000 JavaThread "pool-2-thread-1" [_thread_blocked, id=14108, stack(0x00000000185c0000,0x00000000186c0000)]
  0x00000000168c6800 JavaThread "Service Thread" daemon [_thread_blocked, id=8540, stack(0x0000000018450000,0x0000000018550000)]
  0x0000000016891800 JavaThread "C1 CompilerThread3" daemon [_thread_in_native, id=10648, stack(0x0000000018220000,0x0000000018320000)]
=>0x0000000016865000 JavaThread "C2 CompilerThread2" daemon [_thread_in_native, id=8852, stack(0x0000000017ee0000,0x0000000017fe0000)]
  0x000000001683b800 JavaThread "C2 CompilerThread1" daemon [_thread_in_native, id=9400, stack(0x0000000018110000,0x0000000018210000)]
  0x0000000016818800 JavaThread "C2 CompilerThread0" daemon [_thread_in_native, id=9664, stack(0x0000000017fe0000,0x00000000180e0000)]
  0x000000001680e000 JavaThread "Attach Listener" daemon [_thread_blocked, id=12680, stack(0x0000000017cf0000,0x0000000017df0000)]
  0x000000001680d000 JavaThread "Signal Dispatcher" daemon [_thread_blocked, id=13488, stack(0x0000000017b80000,0x0000000017c80000)]
  0x000000001574d000 JavaThread "Finalizer" daemon [_thread_blocked, id=8768, stack(0x0000000017a10000,0x0000000017b10000)]
  0x000000000252f800 JavaThread "Reference Handler" daemon [_thread_blocked, id=10084, stack(0x0000000017880000,0x0000000017980000)]
  0x000000000017e800 JavaThread "main" [_thread_blocked, id=13968, stack(0x00000000027c0000,0x00000000028c0000)]

Other Threads:
  0x000000000252c800 VMThread [stack: 0x0000000017710000,0x0000000017810000] [id=5708]
  0x00000000168ae000 WatcherThread [stack: 0x00000000186f0000,0x00000000187f0000] [id=4524]

VM state:not at safepoint (normal execution)

VM Mutex/Monitor currently owned by a thread: None

Heap:
 PSYoungGen      total 38400K, used 6970K [0x00000000eab00000, 0x00000000ed580000, 0x0000000100000000)
  eden space 33280K, 5% used [0x00000000eab00000,0x00000000eacd54e0,0x00000000ecb80000)
  from space 5120K, 99% used [0x00000000ecb80000,0x00000000ed0796b0,0x00000000ed080000)
  to   space 5120K, 0% used [0x00000000ed080000,0x00000000ed080000,0x00000000ed580000)
 ParOldGen       total 87552K, used 1183K [0x00000000c0000000, 0x00000000c5580000, 0x00000000eab00000)
  object space 87552K, 1% used [0x00000000c0000000,0x00000000c0127cd8,0x00000000c5580000)
 Metaspace       used 5934K, capacity 6902K, committed 7040K, reserved 1056768K
  class space    used 608K, capacity 622K, committed 640K, reserved 1048576K

Card table byte_map: [0x0000000011c80000,0x0000000011e90000] byte_map_base: 0x0000000011680000

Marking Bits: (ParMarkBitMap*) 0x0000000070872f70
 Begin Bits: [0x0000000012b60000, 0x0000000013b60000)
 End Bits:   [0x0000000013b60000, 0x0000000014b60000)

Polling page: 0x0000000000140000

CodeCache: size=245760Kb used=4006Kb max_used=4006Kb free=241753Kb
 bounds [0x00000000028c0000, 0x0000000002cb0000, 0x00000000118c0000]
 total_blobs=1304 nmethods=1033 adapters=184
 compilation: enabled

Compilation events (10 events):
Event: 1.495 Thread 0x0000000016891800 1057       3       com.android.dx.cf.code.ByteCatchList::listFor (120 bytes)
Event: 1.496 Thread 0x0000000016891800 nmethod 1057 0x0000000002ca48d0 code [0x0000000002ca4b60, 0x0000000002ca6028]
Event: 1.496 Thread 0x0000000016891800 1055       3       com.android.dx.cf.code.ByteCatchList::toTargetList (114 bytes)
Event: 1.498 Thread 0x0000000016891800 nmethod 1055 0x0000000002c78950 code [0x0000000002c78b80, 0x0000000002c798e8]
Event: 1.798 Thread 0x0000000016865000 nmethod 1046 0x0000000002c998d0 code [0x0000000002c99a40, 0x0000000002c9a088]
Event: 1.798 Thread 0x0000000016865000 1053       4       java.util.Arrays::hashCode (56 bytes)
Event: 1.804 Thread 0x0000000016865000 nmethod 1053 0x0000000002ca9f90 code [0x0000000002caa0e0, 0x0000000002caa318]
Event: 1.804 Thread 0x0000000016865000 1058   !   4       com.android.dx.cf.code.BytecodeArray::parseInstruction (2764 bytes)
Event: 2.028 Thread 0x000000001683b800 nmethod 1049 0x0000000002ca7bd0 code [0x0000000002ca7d60, 0x0000000002ca83e8]
Event: 2.028 Thread 0x000000001683b800  951       4       com.android.dx.ssa.back.LivenessAnalyzer::run (231 bytes)

GC Heap History (2 events):
Event: 1.498 GC heap before
{Heap before GC invocations=1 (full 0):
 PSYoungGen      total 38400K, used 33280K [0x00000000eab00000, 0x00000000ed580000, 0x0000000100000000)
  eden space 33280K, 100% used [0x00000000eab00000,0x00000000ecb80000,0x00000000ecb80000)
  from space 5120K, 0% used [0x00000000ed080000,0x00000000ed080000,0x00000000ed580000)
  to   space 5120K, 0% used [0x00000000ecb80000,0x00000000ecb80000,0x00000000ed080000)
 ParOldGen       total 87552K, used 0K [0x00000000c0000000, 0x00000000c5580000, 0x00000000eab00000)
  object space 87552K, 0% used [0x00000000c0000000,0x00000000c0000000,0x00000000c5580000)
 Metaspace       used 5924K, capacity 6838K, committed 7040K, reserved 1056768K
  class space    used 608K, capacity 622K, committed 640K, reserved 1048576K
Event: 1.797 GC heap after
Heap after GC invocations=1 (full 0):
 PSYoungGen      total 38400K, used 5093K [0x00000000eab00000, 0x00000000ed580000, 0x0000000100000000)
  eden space 33280K, 0% used [0x00000000eab00000,0x00000000eab00000,0x00000000ecb80000)
  from space 5120K, 99% used [0x00000000ecb80000,0x00000000ed0796b0,0x00000000ed080000)
  to   space 5120K, 0% used [0x00000000ed080000,0x00000000ed080000,0x00000000ed580000)
 ParOldGen       total 87552K, used 1183K [0x00000000c0000000, 0x00000000c5580000, 0x00000000eab00000)
  object space 87552K, 1% used [0x00000000c0000000,0x00000000c0127cd8,0x00000000c5580000)
 Metaspace       used 5924K, capacity 6838K, committed 7040K, reserved 1056768K
  class space    used 608K, capacity 622K, committed 640K, reserved 1048576K
}

Deoptimization events (10 events):
Event: 1.183 Thread 0x00000000169cb800 Uncommon trap: reason=class_check action=maybe_recompile pc=0x0000000002b04298 method=com.android.dx.rop.type.Type.equals(Ljava/lang/Object;)Z @ 8
Event: 1.183 Thread 0x00000000169cb800 Uncommon trap: reason=class_check action=maybe_recompile pc=0x0000000002b04298 method=com.android.dx.rop.type.Type.equals(Ljava/lang/Object;)Z @ 8
Event: 1.183 Thread 0x00000000169cb800 Uncommon trap: reason=class_check action=maybe_recompile pc=0x0000000002b04298 method=com.android.dx.rop.type.Type.equals(Ljava/lang/Object;)Z @ 8
Event: 1.183 Thread 0x00000000169cb800 Uncommon trap: reason=class_check action=maybe_recompile pc=0x0000000002b04298 method=com.android.dx.rop.type.Type.equals(Ljava/lang/Object;)Z @ 8
Event: 1.300 Thread 0x00000000169cb800 Uncommon trap: reason=unstable_if action=reinterpret pc=0x0000000002b1ce1c method=com.android.dx.rop.code.RegisterSpecSet.put(Lcom/android/dx/rop/code/RegisterSpec;)V @ 77
Event: 1.300 Thread 0x00000000169cb800 Uncommon trap: reason=unstable_if action=reinterpret pc=0x0000000002b1a998 method=com.android.dx.rop.code.RegisterSpecSet.put(Lcom/android/dx/rop/code/RegisterSpec;)V @ 77
Event: 1.350 Thread 0x00000000169cb800 Uncommon trap: reason=bimorphic action=maybe_recompile pc=0x0000000002b82528 method=java.util.HashMap.getNode(ILjava/lang/Object;)Ljava/util/HashMap$Node; @ 126
Event: 1.451 Thread 0x00000000169cb800 Uncommon trap: reason=null_check action=make_not_entrant pc=0x0000000002b7f6d8 method=com.android.dx.rop.type.Type.equals(Ljava/lang/Object;)Z @ 8
Event: 1.463 Thread 0x00000000169cb800 Uncommon trap: reason=unstable_if action=reinterpret pc=0x0000000002b158f4 method=com.android.dx.rop.code.RegisterSpec.equals(ILcom/android/dx/rop/type/TypeBearer;Lcom/android/dx/rop/code/LocalItem;)Z @ 42
Event: 1.490 Thread 0x00000000169e0800 Uncommon trap: reason=bimorphic action=maybe_recompile pc=0x0000000002b82528 method=java.util.HashMap.getNode(ILjava/lang/Object;)Ljava/util/HashMap$Node; @ 126

Internal exceptions (3 events):
Event: 0.100 Thread 0x000000000017e800 Exception <a 'java/lang/NoSuchMethodError': Method sun.misc.Unsafe.defineClass(Ljava/lang/String;[BII)Ljava/lang/Class; name or signature does not match> (0x00000000eab07cc0) thrown at [C:\re\workspace\8-2-build-windows-amd64-cygwin\jdk8u91\6644\hotspot\srù¬åct‹¹?
Event: 0.100 Thread 0x000000000017e800 Exception <a 'java/lang/NoSuchMethodError': Method sun.misc.Unsafe.prefetchRead(Ljava/lang/Object;J)V name or signature does not match> (0x00000000eab07fa8) thrown at [C:\re\workspace\8-2-build-windows-amd64-cygwin\jdk8u91\6644\hotspot\src\share\vm\prims\jÝZ`"°5÷?
Event: 1.451 Thread 0x00000000169cb800 Implicit null exception at 0x0000000002b7f5d2 to 0x0000000002b7f6ca

Events (10 events):
Event: 1.469 loading class java/util/HashMap$Values
Event: 1.469 loading class java/util/HashMap$Values done
Event: 1.469 loading class java/util/HashMap$ValueIterator
Event: 1.469 loading class java/util/HashMap$ValueIterator done
Event: 1.474 Thread 0x00000000169c4000 Thread exited: 0x00000000169c4000
Event: 1.490 Thread 0x00000000169e0800 Uncommon trap: trap_request=0xffffffc6 fr.pc=0x0000000002b82528
Event: 1.490 Thread 0x00000000169e0800 DEOPT PACKING pc=0x0000000002b82528 sp=0x0000000018e6e8e0
Event: 1.490 Thread 0x00000000169e0800 DEOPT UNPACKING pc=0x000000000290582a sp=0x0000000018e6e808 mode 2
Event: 1.497 Executing VM operation: ParallelGCFailedAllocation
Event: 1.797 Executing VM operation: ParallelGCFailedAllocation done


Dynamic libraries:
0x000000013f790000 - 0x000000013f7c7000 	D:\jdk1.8.0_91\bin\java.exe
0x0000000077780000 - 0x000000007792a000 	C:\Windows\SYSTEM32\ntdll.dll
0x0000000077560000 - 0x000000007767f000 	C:\Windows\system32\kernel32.dll
0x000007fefd790000 - 0x000007fefd7fa000 	C:\Windows\system32\KERNELBASE.dll
0x000007fefe420000 - 0x000007fefe4fb000 	C:\Windows\system32\ADVAPI32.dll
0x000007fefe170000 - 0x000007fefe20f000 	C:\Windows\system32\msvcrt.dll
0x000007fefddc0000 - 0x000007fefdddf000 	C:\Windows\SYSTEM32\sechost.dll
0x000007fefe500000 - 0x000007fefe62d000 	C:\Windows\system32\RPCRT4.dll
0x0000000077680000 - 0x000000007777a000 	C:\Windows\system32\USER32.dll
0x000007fefde70000 - 0x000007fefded7000 	C:\Windows\system32\GDI32.dll
0x000007fefec10000 - 0x000007fefec1e000 	C:\Windows\system32\LPK.dll
0x000007fefda90000 - 0x000007fefdb5a000 	C:\Windows\system32\USP10.dll
0x000007fefbe60000 - 0x000007fefc054000 	C:\Windows\WinSxS\amd64_microsoft.windows.common-controls_6595b64144ccf1df_6.0.7601.18837_none_fa3b1e3d17594757\COMCTL32.dll
0x000007fefdde0000 - 0x000007fefde51000 	C:\Windows\system32\SHLWAPI.dll
0x000007fefe630000 - 0x000007fefe65e000 	C:\Windows\system32\IMM32.DLL
0x000007fefdee0000 - 0x000007fefdfe9000 	C:\Windows\system32\MSCTF.dll
0x000007fefd640000 - 0x000007fefd671000 	C:\Windows\system32\nvinitx.dll
0x000007fefd630000 - 0x000007fefd63c000 	C:\Windows\system32\VERSION.dll
0x0000000075080000 - 0x0000000075086000 	C:\Program Files\NVIDIA Corporation\CoProcManager\detoured.dll
0x000007fefacd0000 - 0x000007fefad02000 	C:\Program Files\NVIDIA Corporation\CoProcManager\nvd3d9wrapx.dll
0x000007fefea30000 - 0x000007fefec07000 	C:\Windows\system32\SETUPAPI.dll
0x000007fefd730000 - 0x000007fefd766000 	C:\Windows\system32\CFGMGR32.dll
0x000007feff9b0000 - 0x000007feffa8a000 	C:\Windows\system32\OLEAUT32.dll
0x000007fefe210000 - 0x000007fefe413000 	C:\Windows\system32\ole32.dll
0x000007fefd770000 - 0x000007fefd78a000 	C:\Windows\system32\DEVOBJ.dll
0x000007fefabf0000 - 0x000007fefac12000 	C:\Program Files\NVIDIA Corporation\CoProcManager\nvdxgiwrapx.dll
0x0000000078dc0000 - 0x0000000078e92000 	D:\jdk1.8.0_91\jre\bin\msvcr100.dll
0x0000000070060000 - 0x00000000708f3000 	D:\jdk1.8.0_91\jre\bin\server\jvm.dll
0x000007fef78e0000 - 0x000007fef78e9000 	C:\Windows\system32\WSOCK32.dll
0x000007fefe120000 - 0x000007fefe16d000 	C:\Windows\system32\WS2_32.dll
0x000007fefde60000 - 0x000007fefde68000 	C:\Windows\system32\NSI.dll
0x000007fefb6f0000 - 0x000007fefb72b000 	C:\Windows\system32\WINMM.dll
0x0000000077940000 - 0x0000000077947000 	C:\Windows\system32\PSAPI.DLL
0x000000006e110000 - 0x000000006e11f000 	D:\jdk1.8.0_91\jre\bin\verify.dll
0x00000000517a0000 - 0x00000000517c9000 	D:\jdk1.8.0_91\jre\bin\java.dll
0x000000006e0f0000 - 0x000000006e106000 	D:\jdk1.8.0_91\jre\bin\zip.dll
0x000007fefec20000 - 0x000007feff9a9000 	C:\Windows\system32\SHELL32.dll
0x000007fefd680000 - 0x000007fefd68f000 	C:\Windows\system32\profapi.dll

VM Arguments:
jvm_args: -Djava.awt.headless=true -Xmx1024M -Dfile.encoding=GBK -Duser.country=CN -Duser.language=zh -Duser.variant 
java_command: com.android.dx.command.Main --dex --num-threads=4 --output C:\Users\Administrator\Helloworld\mapdev\build\intermediates\pre-dexed\debug\com.android.support-support-vector-drawable-23.2.0_0785faad3994b5aace700aa9474a7730391d9a96.jar C:\Users\Administrator\Helloworld\mapdev\build\intermediates\exploded-aar\com.android.support\support-vector-drawable\23.2.0\jars\classes.jar
java_class_path (initial): D:\Android\sdk\build-tools\23.0.2\lib\dx.jar
Launcher Type: SUN_STANDARD

Environment Variables:
JAVA_HOME=D:\jdk1.8.0_91
CLASSPATH=.;D:\jdk1.8.0_91\lib;
PATH=D:\jdk1.8.0_91\bin;C:\Program Files\doxygen\bin;C:\Program Files\TortoiseSVN\bin;C:\Windows\system32;C:\Windows;C:\Windows\system32\wbem;C:\Program Files\nodejs\;C:\Program Files\Intel\WiFi\bin\;C:\Program Files\Common Files\Intel\WirelessCommon\;C:\Users\Administrator\AppData\Roaming\npm
USERNAME=Administrator
OS=Windows_NT
PROCESSOR_IDENTIFIER=Intel64 Family 6 Model 94 Stepping 3, GenuineIntel



---------------  S Y S T E M  ---------------

OS: Windows 7 , 64 bit Build 7601 (6.1.7601.23539)

CPU:total 8 (4 cores per cpu, 2 threads per core) family 6 model 94 stepping 3, cmov, cx8, fxsr, mmx, sse, sse2, sse3, ssse3, sse4.1, sse4.2, popcnt, avx, avx2, aes, clmul, erms, rtm, 3dnowpref, lzcnt, ht, tsc, tscinvbit, bmi1, bmi2, adx

Memory: 4k page, physical 8258516k(1229032k free), swap 10353808k(223404k free)

vm_info: Java HotSpot(TM) 64-Bit Server VM (25.91-b14) for windows-amd64 JRE (1.8.0_91-b14), built on Apr  1 2016 00:58:32 by "java_re" with MS VC++ 10.0 (VS2010)

time: Tue Nov 08 23:31:23 2016
elapsed time: 2 seconds (0d 0h 0m 2s)

